DEBUG - 2025-12-09 09:43:39 --> Session: Class initialized using 'CodeIgniter\Session\Handlers\FileHandler' driver.
DEBUG - 2025-12-09 09:43:42 --> Session: Class initialized using 'CodeIgniter\Session\Handlers\FileHandler' driver.
DEBUG - 2025-12-09 09:43:43 --> Session: Class initialized using 'CodeIgniter\Session\Handlers\FileHandler' driver.
DEBUG - 2025-12-09 09:43:47 --> Session: Class initialized using 'CodeIgniter\Session\Handlers\FileHandler' driver.
DEBUG - 2025-12-09 09:43:57 --> Session: Class initialized using 'CodeIgniter\Session\Handlers\FileHandler' driver.
ERROR - 2025-12-09 09:44:04 --> mysqli_sql_exception: Unknown column 'tax_paid' in 'field list' in C:\laragon\www\codeigniter_pharmacy_v_4.6.3\system\Database\MySQLi\Connection.php:327
Stack trace:
#0 C:\laragon\www\codeigniter_pharmacy_v_4.6.3\system\Database\MySQLi\Connection.php(327): mysqli->query(' SELECT \r\n     ...', 0)
#1 C:\laragon\www\codeigniter_pharmacy_v_4.6.3\system\Database\BaseConnection.php(729): CodeIgniter\Database\MySQLi\Connection->execute(' SELECT \r\n     ...')
#2 C:\laragon\www\codeigniter_pharmacy_v_4.6.3\system\Database\BaseConnection.php(646): CodeIgniter\Database\BaseConnection->simpleQuery(' SELECT \r\n     ...')
#3 C:\laragon\www\codeigniter_pharmacy_v_4.6.3\app\Controllers\salereturnlist.php(63): CodeIgniter\Database\BaseConnection->query(' SELECT \r\n     ...')
#4 C:\laragon\www\codeigniter_pharmacy_v_4.6.3\system\CodeIgniter.php(933): App\Controllers\salereturnlist->index()
#5 C:\laragon\www\codeigniter_pharmacy_v_4.6.3\system\CodeIgniter.php(507): CodeIgniter\CodeIgniter->runController(Object(App\Controllers\salereturnlist))
#6 C:\laragon\www\codeigniter_pharmacy_v_4.6.3\system\CodeIgniter.php(354): CodeIgniter\CodeIgniter->handleRequest(NULL, Object(Config\Cache), false)
#7 C:\laragon\www\codeigniter_pharmacy_v_4.6.3\system\Boot.php(363): CodeIgniter\CodeIgniter->run()
#8 C:\laragon\www\codeigniter_pharmacy_v_4.6.3\system\Boot.php(68): CodeIgniter\Boot::runCodeIgniter(Object(CodeIgniter\CodeIgniter))
#9 C:\laragon\www\codeigniter_pharmacy_v_4.6.3\index.php(59): CodeIgniter\Boot::bootWeb(Object(Config\Paths))
#10 {main}
CRITICAL - 2025-12-09 09:44:04 --> CodeIgniter\Database\Exceptions\DatabaseException: Unknown column 'tax_paid' in 'field list'
[Method: GET, Route: salereturnlist]
in SYSTEMPATH\Database\BaseConnection.php on line 684.
 1 APPPATH\Controllers\salereturnlist.php(63): CodeIgniter\Database\BaseConnection->query(' SELECT 
                    s.sales_invoice,
                    s.sales_date,
                    sd.total_sale,
                    sd.total_tax,
                    s.discountOnTotalPrice,
                    s.vatOnTotalPrice,
                    s.paid_amount,
                    IFNULL(cd.customer_due, 0) AS customer_due,
                    IFNULL(cd.total_due_paid, 0) AS due_paid_amount,
                    (s.paid_amount + IFNULL(cd.total_due_paid, 0)) AS total_paid,
                    s.due_amount,
                    CASE 
                        WHEN s.customer_type REGEXP \'^[0-9]+$\' THEN c.cus_first_name
                        ELSE s.customer_type
                    END AS customer_name,
                    CASE
                        WHEN s.customer_type = \'Walk-In-Customer\' THEN \'Fully Paid\'
                        WHEN IFNULL(cd.customer_due, 0) = 0 THEN \'Fully Paid\'
                        ELSE \'Partially Paid\'
                    END AS payment_status
                FROM sales s
                JOIN (
                    SELECT 
                        sales_details_invoice, 
                        SUM(total_sale_price) AS total_sale, 
                        SUM(tax_paid) AS total_tax
                    FROM sales_details
                    GROUP BY sales_details_invoice
                ) sd ON s.sales_invoice = sd.sales_details_invoice
                LEFT JOIN (
                    SELECT 
                        due_invoice_no, 
                        SUM(due_amount - due_paid_amount) AS customer_due,
                        SUM(due_paid_amount) AS total_due_paid
                    FROM customer_due
                    GROUP BY due_invoice_no
                ) cd ON s.sales_invoice = cd.due_invoice_no
                LEFT JOIN customer c ON c.customer_id = s.customer_type AND s.customer_type REGEXP \'^[0-9]+\'
            ')
 2 SYSTEMPATH\CodeIgniter.php(933): App\Controllers\salereturnlist->index()
 3 SYSTEMPATH\CodeIgniter.php(507): CodeIgniter\CodeIgniter->runController(Object(App\Controllers\salereturnlist))
 4 SYSTEMPATH\CodeIgniter.php(354): CodeIgniter\CodeIgniter->handleRequest(null, Object(Config\Cache), false)
 5 SYSTEMPATH\Boot.php(363): CodeIgniter\CodeIgniter->run()
 6 SYSTEMPATH\Boot.php(68): CodeIgniter\Boot::runCodeIgniter(Object(CodeIgniter\CodeIgniter))
 7 FCPATH\index.php(59): CodeIgniter\Boot::bootWeb(Object(Config\Paths))
CRITICAL - 2025-12-09 09:44:04 --> [Caused by] CodeIgniter\Database\Exceptions\DatabaseException: Unknown column 'tax_paid' in 'field list'
in SYSTEMPATH\Database\MySQLi\Connection.php on line 332.
 1 SYSTEMPATH\Database\BaseConnection.php(729): CodeIgniter\Database\MySQLi\Connection->execute(' SELECT 
                    s.sales_invoice,
                    s.sales_date,
                    sd.total_sale,
                    sd.total_tax,
                    s.discountOnTotalPrice,
                    s.vatOnTotalPrice,
                    s.paid_amount,
                    IFNULL(cd.customer_due, 0) AS customer_due,
                    IFNULL(cd.total_due_paid, 0) AS due_paid_amount,
                    (s.paid_amount + IFNULL(cd.total_due_paid, 0)) AS total_paid,
                    s.due_amount,
                    CASE 
                        WHEN s.customer_type REGEXP \'^[0-9]+$\' THEN c.cus_first_name
                        ELSE s.customer_type
                    END AS customer_name,
                    CASE
                        WHEN s.customer_type = \'Walk-In-Customer\' THEN \'Fully Paid\'
                        WHEN IFNULL(cd.customer_due, 0) = 0 THEN \'Fully Paid\'
                        ELSE \'Partially Paid\'
                    END AS payment_status
                FROM sales s
                JOIN (
                    SELECT 
                        sales_details_invoice, 
                        SUM(total_sale_price) AS total_sale, 
                        SUM(tax_paid) AS total_tax
                    FROM sales_details
                    GROUP BY sales_details_invoice
                ) sd ON s.sales_invoice = sd.sales_details_invoice
                LEFT JOIN (
                    SELECT 
                        due_invoice_no, 
                        SUM(due_amount - due_paid_amount) AS customer_due,
                        SUM(due_paid_amount) AS total_due_paid
                    FROM customer_due
                    GROUP BY due_invoice_no
                ) cd ON s.sales_invoice = cd.due_invoice_no
                LEFT JOIN customer c ON c.customer_id = s.customer_type AND s.customer_type REGEXP \'^[0-9]+\'
            ')
 2 SYSTEMPATH\Database\BaseConnection.php(646): CodeIgniter\Database\BaseConnection->simpleQuery(' SELECT 
                    s.sales_invoice,
                    s.sales_date,
                    sd.total_sale,
                    sd.total_tax,
                    s.discountOnTotalPrice,
                    s.vatOnTotalPrice,
                    s.paid_amount,
                    IFNULL(cd.customer_due, 0) AS customer_due,
                    IFNULL(cd.total_due_paid, 0) AS due_paid_amount,
                    (s.paid_amount + IFNULL(cd.total_due_paid, 0)) AS total_paid,
                    s.due_amount,
                    CASE 
                        WHEN s.customer_type REGEXP \'^[0-9]+$\' THEN c.cus_first_name
                        ELSE s.customer_type
                    END AS customer_name,
                    CASE
                        WHEN s.customer_type = \'Walk-In-Customer\' THEN \'Fully Paid\'
                        WHEN IFNULL(cd.customer_due, 0) = 0 THEN \'Fully Paid\'
                        ELSE \'Partially Paid\'
                    END AS payment_status
                FROM sales s
                JOIN (
                    SELECT 
                        sales_details_invoice, 
                        SUM(total_sale_price) AS total_sale, 
                        SUM(tax_paid) AS total_tax
                    FROM sales_details
                    GROUP BY sales_details_invoice
                ) sd ON s.sales_invoice = sd.sales_details_invoice
                LEFT JOIN (
                    SELECT 
                        due_invoice_no, 
                        SUM(due_amount - due_paid_amount) AS customer_due,
                        SUM(due_paid_amount) AS total_due_paid
                    FROM customer_due
                    GROUP BY due_invoice_no
                ) cd ON s.sales_invoice = cd.due_invoice_no
                LEFT JOIN customer c ON c.customer_id = s.customer_type AND s.customer_type REGEXP \'^[0-9]+\'
            ')
 3 APPPATH\Controllers\salereturnlist.php(63): CodeIgniter\Database\BaseConnection->query(' SELECT 
                    s.sales_invoice,
                    s.sales_date,
                    sd.total_sale,
                    sd.total_tax,
                    s.discountOnTotalPrice,
                    s.vatOnTotalPrice,
                    s.paid_amount,
                    IFNULL(cd.customer_due, 0) AS customer_due,
                    IFNULL(cd.total_due_paid, 0) AS due_paid_amount,
                    (s.paid_amount + IFNULL(cd.total_due_paid, 0)) AS total_paid,
                    s.due_amount,
                    CASE 
                        WHEN s.customer_type REGEXP \'^[0-9]+$\' THEN c.cus_first_name
                        ELSE s.customer_type
                    END AS customer_name,
                    CASE
                        WHEN s.customer_type = \'Walk-In-Customer\' THEN \'Fully Paid\'
                        WHEN IFNULL(cd.customer_due, 0) = 0 THEN \'Fully Paid\'
                        ELSE \'Partially Paid\'
                    END AS payment_status
                FROM sales s
                JOIN (
                    SELECT 
                        sales_details_invoice, 
                        SUM(total_sale_price) AS total_sale, 
                        SUM(tax_paid) AS total_tax
                    FROM sales_details
                    GROUP BY sales_details_invoice
                ) sd ON s.sales_invoice = sd.sales_details_invoice
                LEFT JOIN (
                    SELECT 
                        due_invoice_no, 
                        SUM(due_amount - due_paid_amount) AS customer_due,
                        SUM(due_paid_amount) AS total_due_paid
                    FROM customer_due
                    GROUP BY due_invoice_no
                ) cd ON s.sales_invoice = cd.due_invoice_no
                LEFT JOIN customer c ON c.customer_id = s.customer_type AND s.customer_type REGEXP \'^[0-9]+\'
            ')
 4 SYSTEMPATH\CodeIgniter.php(933): App\Controllers\salereturnlist->index()
 5 SYSTEMPATH\CodeIgniter.php(507): CodeIgniter\CodeIgniter->runController(Object(App\Controllers\salereturnlist))
 6 SYSTEMPATH\CodeIgniter.php(354): CodeIgniter\CodeIgniter->handleRequest(null, Object(Config\Cache), false)
 7 SYSTEMPATH\Boot.php(363): CodeIgniter\CodeIgniter->run()
 8 SYSTEMPATH\Boot.php(68): CodeIgniter\Boot::runCodeIgniter(Object(CodeIgniter\CodeIgniter))
 9 FCPATH\index.php(59): CodeIgniter\Boot::bootWeb(Object(Config\Paths))
CRITICAL - 2025-12-09 09:44:04 --> [Caused by] mysqli_sql_exception: Unknown column 'tax_paid' in 'field list'
in SYSTEMPATH\Database\MySQLi\Connection.php on line 327.
 1 SYSTEMPATH\Database\MySQLi\Connection.php(327): mysqli->query(' SELECT 
                    s.sales_invoice,
                    s.sales_date,
                    sd.total_sale,
                    sd.total_tax,
                    s.discountOnTotalPrice,
                    s.vatOnTotalPrice,
                    s.paid_amount,
                    IFNULL(cd.customer_due, 0) AS customer_due,
                    IFNULL(cd.total_due_paid, 0) AS due_paid_amount,
                    (s.paid_amount + IFNULL(cd.total_due_paid, 0)) AS total_paid,
                    s.due_amount,
                    CASE 
                        WHEN s.customer_type REGEXP \'^[0-9]+$\' THEN c.cus_first_name
                        ELSE s.customer_type
                    END AS customer_name,
                    CASE
                        WHEN s.customer_type = \'Walk-In-Customer\' THEN \'Fully Paid\'
                        WHEN IFNULL(cd.customer_due, 0) = 0 THEN \'Fully Paid\'
                        ELSE \'Partially Paid\'
                    END AS payment_status
                FROM sales s
                JOIN (
                    SELECT 
                        sales_details_invoice, 
                        SUM(total_sale_price) AS total_sale, 
                        SUM(tax_paid) AS total_tax
                    FROM sales_details
                    GROUP BY sales_details_invoice
                ) sd ON s.sales_invoice = sd.sales_details_invoice
                LEFT JOIN (
                    SELECT 
                        due_invoice_no, 
                        SUM(due_amount - due_paid_amount) AS customer_due,
                        SUM(due_paid_amount) AS total_due_paid
                    FROM customer_due
                    GROUP BY due_invoice_no
                ) cd ON s.sales_invoice = cd.due_invoice_no
                LEFT JOIN customer c ON c.customer_id = s.customer_type AND s.customer_type REGEXP \'^[0-9]+\'
            ', 0)
 2 SYSTEMPATH\Database\BaseConnection.php(729): CodeIgniter\Database\MySQLi\Connection->execute(' SELECT 
                    s.sales_invoice,
                    s.sales_date,
                    sd.total_sale,
                    sd.total_tax,
                    s.discountOnTotalPrice,
                    s.vatOnTotalPrice,
                    s.paid_amount,
                    IFNULL(cd.customer_due, 0) AS customer_due,
                    IFNULL(cd.total_due_paid, 0) AS due_paid_amount,
                    (s.paid_amount + IFNULL(cd.total_due_paid, 0)) AS total_paid,
                    s.due_amount,
                    CASE 
                        WHEN s.customer_type REGEXP \'^[0-9]+$\' THEN c.cus_first_name
                        ELSE s.customer_type
                    END AS customer_name,
                    CASE
                        WHEN s.customer_type = \'Walk-In-Customer\' THEN \'Fully Paid\'
                        WHEN IFNULL(cd.customer_due, 0) = 0 THEN \'Fully Paid\'
                        ELSE \'Partially Paid\'
                    END AS payment_status
                FROM sales s
                JOIN (
                    SELECT 
                        sales_details_invoice, 
                        SUM(total_sale_price) AS total_sale, 
                        SUM(tax_paid) AS total_tax
                    FROM sales_details
                    GROUP BY sales_details_invoice
                ) sd ON s.sales_invoice = sd.sales_details_invoice
                LEFT JOIN (
                    SELECT 
                        due_invoice_no, 
                        SUM(due_amount - due_paid_amount) AS customer_due,
                        SUM(due_paid_amount) AS total_due_paid
                    FROM customer_due
                    GROUP BY due_invoice_no
                ) cd ON s.sales_invoice = cd.due_invoice_no
                LEFT JOIN customer c ON c.customer_id = s.customer_type AND s.customer_type REGEXP \'^[0-9]+\'
            ')
 3 SYSTEMPATH\Database\BaseConnection.php(646): CodeIgniter\Database\BaseConnection->simpleQuery(' SELECT 
                    s.sales_invoice,
                    s.sales_date,
                    sd.total_sale,
                    sd.total_tax,
                    s.discountOnTotalPrice,
                    s.vatOnTotalPrice,
                    s.paid_amount,
                    IFNULL(cd.customer_due, 0) AS customer_due,
                    IFNULL(cd.total_due_paid, 0) AS due_paid_amount,
                    (s.paid_amount + IFNULL(cd.total_due_paid, 0)) AS total_paid,
                    s.due_amount,
                    CASE 
                        WHEN s.customer_type REGEXP \'^[0-9]+$\' THEN c.cus_first_name
                        ELSE s.customer_type
                    END AS customer_name,
                    CASE
                        WHEN s.customer_type = \'Walk-In-Customer\' THEN \'Fully Paid\'
                        WHEN IFNULL(cd.customer_due, 0) = 0 THEN \'Fully Paid\'
                        ELSE \'Partially Paid\'
                    END AS payment_status
                FROM sales s
                JOIN (
                    SELECT 
                        sales_details_invoice, 
                        SUM(total_sale_price) AS total_sale, 
                        SUM(tax_paid) AS total_tax
                    FROM sales_details
                    GROUP BY sales_details_invoice
                ) sd ON s.sales_invoice = sd.sales_details_invoice
                LEFT JOIN (
                    SELECT 
                        due_invoice_no, 
                        SUM(due_amount - due_paid_amount) AS customer_due,
                        SUM(due_paid_amount) AS total_due_paid
                    FROM customer_due
                    GROUP BY due_invoice_no
                ) cd ON s.sales_invoice = cd.due_invoice_no
                LEFT JOIN customer c ON c.customer_id = s.customer_type AND s.customer_type REGEXP \'^[0-9]+\'
            ')
 4 APPPATH\Controllers\salereturnlist.php(63): CodeIgniter\Database\BaseConnection->query(' SELECT 
                    s.sales_invoice,
                    s.sales_date,
                    sd.total_sale,
                    sd.total_tax,
                    s.discountOnTotalPrice,
                    s.vatOnTotalPrice,
                    s.paid_amount,
                    IFNULL(cd.customer_due, 0) AS customer_due,
                    IFNULL(cd.total_due_paid, 0) AS due_paid_amount,
                    (s.paid_amount + IFNULL(cd.total_due_paid, 0)) AS total_paid,
                    s.due_amount,
                    CASE 
                        WHEN s.customer_type REGEXP \'^[0-9]+$\' THEN c.cus_first_name
                        ELSE s.customer_type
                    END AS customer_name,
                    CASE
                        WHEN s.customer_type = \'Walk-In-Customer\' THEN \'Fully Paid\'
                        WHEN IFNULL(cd.customer_due, 0) = 0 THEN \'Fully Paid\'
                        ELSE \'Partially Paid\'
                    END AS payment_status
                FROM sales s
                JOIN (
                    SELECT 
                        sales_details_invoice, 
                        SUM(total_sale_price) AS total_sale, 
                        SUM(tax_paid) AS total_tax
                    FROM sales_details
                    GROUP BY sales_details_invoice
                ) sd ON s.sales_invoice = sd.sales_details_invoice
                LEFT JOIN (
                    SELECT 
                        due_invoice_no, 
                        SUM(due_amount - due_paid_amount) AS customer_due,
                        SUM(due_paid_amount) AS total_due_paid
                    FROM customer_due
                    GROUP BY due_invoice_no
                ) cd ON s.sales_invoice = cd.due_invoice_no
                LEFT JOIN customer c ON c.customer_id = s.customer_type AND s.customer_type REGEXP \'^[0-9]+\'
            ')
 5 SYSTEMPATH\CodeIgniter.php(933): App\Controllers\salereturnlist->index()
 6 SYSTEMPATH\CodeIgniter.php(507): CodeIgniter\CodeIgniter->runController(Object(App\Controllers\salereturnlist))
 7 SYSTEMPATH\CodeIgniter.php(354): CodeIgniter\CodeIgniter->handleRequest(null, Object(Config\Cache), false)
 8 SYSTEMPATH\Boot.php(363): CodeIgniter\CodeIgniter->run()
 9 SYSTEMPATH\Boot.php(68): CodeIgniter\Boot::runCodeIgniter(Object(CodeIgniter\CodeIgniter))
10 FCPATH\index.php(59): CodeIgniter\Boot::bootWeb(Object(Config\Paths))
DEBUG - 2025-12-09 09:44:08 --> Session: Class initialized using 'CodeIgniter\Session\Handlers\FileHandler' driver.
ERROR - 2025-12-09 09:44:10 --> mysqli_sql_exception: Unknown column 'rs.discount' in 'field list' in C:\laragon\www\codeigniter_pharmacy_v_4.6.3\system\Database\MySQLi\Connection.php:327
Stack trace:
#0 C:\laragon\www\codeigniter_pharmacy_v_4.6.3\system\Database\MySQLi\Connection.php(327): mysqli->query(' SELECT \r\n     ...', 0)
#1 C:\laragon\www\codeigniter_pharmacy_v_4.6.3\system\Database\BaseConnection.php(729): CodeIgniter\Database\MySQLi\Connection->execute(' SELECT \r\n     ...')
#2 C:\laragon\www\codeigniter_pharmacy_v_4.6.3\system\Database\BaseConnection.php(646): CodeIgniter\Database\BaseConnection->simpleQuery(' SELECT \r\n     ...')
#3 C:\laragon\www\codeigniter_pharmacy_v_4.6.3\app\Controllers\salereturnlist.php(111): CodeIgniter\Database\BaseConnection->query(' SELECT \r\n     ...')
#4 C:\laragon\www\codeigniter_pharmacy_v_4.6.3\system\CodeIgniter.php(933): App\Controllers\salereturnlist->saleReturnListShow()
#5 C:\laragon\www\codeigniter_pharmacy_v_4.6.3\system\CodeIgniter.php(507): CodeIgniter\CodeIgniter->runController(Object(App\Controllers\salereturnlist))
#6 C:\laragon\www\codeigniter_pharmacy_v_4.6.3\system\CodeIgniter.php(354): CodeIgniter\CodeIgniter->handleRequest(NULL, Object(Config\Cache), false)
#7 C:\laragon\www\codeigniter_pharmacy_v_4.6.3\system\Boot.php(363): CodeIgniter\CodeIgniter->run()
#8 C:\laragon\www\codeigniter_pharmacy_v_4.6.3\system\Boot.php(68): CodeIgniter\Boot::runCodeIgniter(Object(CodeIgniter\CodeIgniter))
#9 C:\laragon\www\codeigniter_pharmacy_v_4.6.3\index.php(59): CodeIgniter\Boot::bootWeb(Object(Config\Paths))
#10 {main}
CRITICAL - 2025-12-09 09:44:10 --> CodeIgniter\Database\Exceptions\DatabaseException: Unknown column 'rs.discount' in 'field list'
[Method: GET, Route: salereturnlistshow]
in SYSTEMPATH\Database\BaseConnection.php on line 684.
 1 APPPATH\Controllers\salereturnlist.php(111): CodeIgniter\Database\BaseConnection->query(' SELECT 
                    rs.sales_invoice,
                    rs.sales_date,
                    rsd.total_sale,
                    rsd.total_tax,
                    rs.discount,
                    rs.others_cost,
                    rs.paid_amount,
                    IFNULL(rcd.customer_due, 0) AS customer_due,
                    IFNULL(rcd.total_due_paid, 0) AS due_paid_amount,
                    (rs.paid_amount + IFNULL(rcd.total_due_paid, 0)) AS total_paid,
                    rs.due_amount,
                    CASE 
                        WHEN rs.customer_type REGEXP \'^[0-9]+$\' THEN c.cus_first_name
                        ELSE rs.customer_type
                    END AS customer_name,
                    CASE
                        WHEN rs.customer_type = \'Walk-In-Customer\' THEN \'Fully Paid\'
                        WHEN IFNULL(rcd.customer_due, 0) = 0 THEN \'Fully Paid\'
                        ELSE \'Partially Paid\'
                    END AS payment_status
                FROM return_sales rs
                JOIN (
                    SELECT 
                        sales_details_invoice, 
                        SUM(total_sale_price) AS total_sale, 
                        SUM(tax_paid) AS total_tax
                    FROM return_sales_details
                    GROUP BY sales_details_invoice
                ) rsd ON rs.sales_invoice = rsd.sales_details_invoice
                LEFT JOIN (
                    SELECT 
                        due_invoice_no, 
                        SUM(due_amount - due_paid_amount) AS customer_due,
                        SUM(due_paid_amount) AS total_due_paid
                    FROM return_customer_due
                    GROUP BY due_invoice_no
                ) rcd ON rs.sales_invoice = rcd.due_invoice_no
                LEFT JOIN customer c ON c.customer_id = rs.customer_type AND rs.customer_type REGEXP \'^[0-9]+\'
            ')
 2 SYSTEMPATH\CodeIgniter.php(933): App\Controllers\salereturnlist->saleReturnListShow()
 3 SYSTEMPATH\CodeIgniter.php(507): CodeIgniter\CodeIgniter->runController(Object(App\Controllers\salereturnlist))
 4 SYSTEMPATH\CodeIgniter.php(354): CodeIgniter\CodeIgniter->handleRequest(null, Object(Config\Cache), false)
 5 SYSTEMPATH\Boot.php(363): CodeIgniter\CodeIgniter->run()
 6 SYSTEMPATH\Boot.php(68): CodeIgniter\Boot::runCodeIgniter(Object(CodeIgniter\CodeIgniter))
 7 FCPATH\index.php(59): CodeIgniter\Boot::bootWeb(Object(Config\Paths))
CRITICAL - 2025-12-09 09:44:10 --> [Caused by] CodeIgniter\Database\Exceptions\DatabaseException: Unknown column 'rs.discount' in 'field list'
in SYSTEMPATH\Database\MySQLi\Connection.php on line 332.
 1 SYSTEMPATH\Database\BaseConnection.php(729): CodeIgniter\Database\MySQLi\Connection->execute(' SELECT 
                    rs.sales_invoice,
                    rs.sales_date,
                    rsd.total_sale,
                    rsd.total_tax,
                    rs.discount,
                    rs.others_cost,
                    rs.paid_amount,
                    IFNULL(rcd.customer_due, 0) AS customer_due,
                    IFNULL(rcd.total_due_paid, 0) AS due_paid_amount,
                    (rs.paid_amount + IFNULL(rcd.total_due_paid, 0)) AS total_paid,
                    rs.due_amount,
                    CASE 
                        WHEN rs.customer_type REGEXP \'^[0-9]+$\' THEN c.cus_first_name
                        ELSE rs.customer_type
                    END AS customer_name,
                    CASE
                        WHEN rs.customer_type = \'Walk-In-Customer\' THEN \'Fully Paid\'
                        WHEN IFNULL(rcd.customer_due, 0) = 0 THEN \'Fully Paid\'
                        ELSE \'Partially Paid\'
                    END AS payment_status
                FROM return_sales rs
                JOIN (
                    SELECT 
                        sales_details_invoice, 
                        SUM(total_sale_price) AS total_sale, 
                        SUM(tax_paid) AS total_tax
                    FROM return_sales_details
                    GROUP BY sales_details_invoice
                ) rsd ON rs.sales_invoice = rsd.sales_details_invoice
                LEFT JOIN (
                    SELECT 
                        due_invoice_no, 
                        SUM(due_amount - due_paid_amount) AS customer_due,
                        SUM(due_paid_amount) AS total_due_paid
                    FROM return_customer_due
                    GROUP BY due_invoice_no
                ) rcd ON rs.sales_invoice = rcd.due_invoice_no
                LEFT JOIN customer c ON c.customer_id = rs.customer_type AND rs.customer_type REGEXP \'^[0-9]+\'
            ')
 2 SYSTEMPATH\Database\BaseConnection.php(646): CodeIgniter\Database\BaseConnection->simpleQuery(' SELECT 
                    rs.sales_invoice,
                    rs.sales_date,
                    rsd.total_sale,
                    rsd.total_tax,
                    rs.discount,
                    rs.others_cost,
                    rs.paid_amount,
                    IFNULL(rcd.customer_due, 0) AS customer_due,
                    IFNULL(rcd.total_due_paid, 0) AS due_paid_amount,
                    (rs.paid_amount + IFNULL(rcd.total_due_paid, 0)) AS total_paid,
                    rs.due_amount,
                    CASE 
                        WHEN rs.customer_type REGEXP \'^[0-9]+$\' THEN c.cus_first_name
                        ELSE rs.customer_type
                    END AS customer_name,
                    CASE
                        WHEN rs.customer_type = \'Walk-In-Customer\' THEN \'Fully Paid\'
                        WHEN IFNULL(rcd.customer_due, 0) = 0 THEN \'Fully Paid\'
                        ELSE \'Partially Paid\'
                    END AS payment_status
                FROM return_sales rs
                JOIN (
                    SELECT 
                        sales_details_invoice, 
                        SUM(total_sale_price) AS total_sale, 
                        SUM(tax_paid) AS total_tax
                    FROM return_sales_details
                    GROUP BY sales_details_invoice
                ) rsd ON rs.sales_invoice = rsd.sales_details_invoice
                LEFT JOIN (
                    SELECT 
                        due_invoice_no, 
                        SUM(due_amount - due_paid_amount) AS customer_due,
                        SUM(due_paid_amount) AS total_due_paid
                    FROM return_customer_due
                    GROUP BY due_invoice_no
                ) rcd ON rs.sales_invoice = rcd.due_invoice_no
                LEFT JOIN customer c ON c.customer_id = rs.customer_type AND rs.customer_type REGEXP \'^[0-9]+\'
            ')
 3 APPPATH\Controllers\salereturnlist.php(111): CodeIgniter\Database\BaseConnection->query(' SELECT 
                    rs.sales_invoice,
                    rs.sales_date,
                    rsd.total_sale,
                    rsd.total_tax,
                    rs.discount,
                    rs.others_cost,
                    rs.paid_amount,
                    IFNULL(rcd.customer_due, 0) AS customer_due,
                    IFNULL(rcd.total_due_paid, 0) AS due_paid_amount,
                    (rs.paid_amount + IFNULL(rcd.total_due_paid, 0)) AS total_paid,
                    rs.due_amount,
                    CASE 
                        WHEN rs.customer_type REGEXP \'^[0-9]+$\' THEN c.cus_first_name
                        ELSE rs.customer_type
                    END AS customer_name,
                    CASE
                        WHEN rs.customer_type = \'Walk-In-Customer\' THEN \'Fully Paid\'
                        WHEN IFNULL(rcd.customer_due, 0) = 0 THEN \'Fully Paid\'
                        ELSE \'Partially Paid\'
                    END AS payment_status
                FROM return_sales rs
                JOIN (
                    SELECT 
                        sales_details_invoice, 
                        SUM(total_sale_price) AS total_sale, 
                        SUM(tax_paid) AS total_tax
                    FROM return_sales_details
                    GROUP BY sales_details_invoice
                ) rsd ON rs.sales_invoice = rsd.sales_details_invoice
                LEFT JOIN (
                    SELECT 
                        due_invoice_no, 
                        SUM(due_amount - due_paid_amount) AS customer_due,
                        SUM(due_paid_amount) AS total_due_paid
                    FROM return_customer_due
                    GROUP BY due_invoice_no
                ) rcd ON rs.sales_invoice = rcd.due_invoice_no
                LEFT JOIN customer c ON c.customer_id = rs.customer_type AND rs.customer_type REGEXP \'^[0-9]+\'
            ')
 4 SYSTEMPATH\CodeIgniter.php(933): App\Controllers\salereturnlist->saleReturnListShow()
 5 SYSTEMPATH\CodeIgniter.php(507): CodeIgniter\CodeIgniter->runController(Object(App\Controllers\salereturnlist))
 6 SYSTEMPATH\CodeIgniter.php(354): CodeIgniter\CodeIgniter->handleRequest(null, Object(Config\Cache), false)
 7 SYSTEMPATH\Boot.php(363): CodeIgniter\CodeIgniter->run()
 8 SYSTEMPATH\Boot.php(68): CodeIgniter\Boot::runCodeIgniter(Object(CodeIgniter\CodeIgniter))
 9 FCPATH\index.php(59): CodeIgniter\Boot::bootWeb(Object(Config\Paths))
CRITICAL - 2025-12-09 09:44:10 --> [Caused by] mysqli_sql_exception: Unknown column 'rs.discount' in 'field list'
in SYSTEMPATH\Database\MySQLi\Connection.php on line 327.
 1 SYSTEMPATH\Database\MySQLi\Connection.php(327): mysqli->query(' SELECT 
                    rs.sales_invoice,
                    rs.sales_date,
                    rsd.total_sale,
                    rsd.total_tax,
                    rs.discount,
                    rs.others_cost,
                    rs.paid_amount,
                    IFNULL(rcd.customer_due, 0) AS customer_due,
                    IFNULL(rcd.total_due_paid, 0) AS due_paid_amount,
                    (rs.paid_amount + IFNULL(rcd.total_due_paid, 0)) AS total_paid,
                    rs.due_amount,
                    CASE 
                        WHEN rs.customer_type REGEXP \'^[0-9]+$\' THEN c.cus_first_name
                        ELSE rs.customer_type
                    END AS customer_name,
                    CASE
                        WHEN rs.customer_type = \'Walk-In-Customer\' THEN \'Fully Paid\'
                        WHEN IFNULL(rcd.customer_due, 0) = 0 THEN \'Fully Paid\'
                        ELSE \'Partially Paid\'
                    END AS payment_status
                FROM return_sales rs
                JOIN (
                    SELECT 
                        sales_details_invoice, 
                        SUM(total_sale_price) AS total_sale, 
                        SUM(tax_paid) AS total_tax
                    FROM return_sales_details
                    GROUP BY sales_details_invoice
                ) rsd ON rs.sales_invoice = rsd.sales_details_invoice
                LEFT JOIN (
                    SELECT 
                        due_invoice_no, 
                        SUM(due_amount - due_paid_amount) AS customer_due,
                        SUM(due_paid_amount) AS total_due_paid
                    FROM return_customer_due
                    GROUP BY due_invoice_no
                ) rcd ON rs.sales_invoice = rcd.due_invoice_no
                LEFT JOIN customer c ON c.customer_id = rs.customer_type AND rs.customer_type REGEXP \'^[0-9]+\'
            ', 0)
 2 SYSTEMPATH\Database\BaseConnection.php(729): CodeIgniter\Database\MySQLi\Connection->execute(' SELECT 
                    rs.sales_invoice,
                    rs.sales_date,
                    rsd.total_sale,
                    rsd.total_tax,
                    rs.discount,
                    rs.others_cost,
                    rs.paid_amount,
                    IFNULL(rcd.customer_due, 0) AS customer_due,
                    IFNULL(rcd.total_due_paid, 0) AS due_paid_amount,
                    (rs.paid_amount + IFNULL(rcd.total_due_paid, 0)) AS total_paid,
                    rs.due_amount,
                    CASE 
                        WHEN rs.customer_type REGEXP \'^[0-9]+$\' THEN c.cus_first_name
                        ELSE rs.customer_type
                    END AS customer_name,
                    CASE
                        WHEN rs.customer_type = \'Walk-In-Customer\' THEN \'Fully Paid\'
                        WHEN IFNULL(rcd.customer_due, 0) = 0 THEN \'Fully Paid\'
                        ELSE \'Partially Paid\'
                    END AS payment_status
                FROM return_sales rs
                JOIN (
                    SELECT 
                        sales_details_invoice, 
                        SUM(total_sale_price) AS total_sale, 
                        SUM(tax_paid) AS total_tax
                    FROM return_sales_details
                    GROUP BY sales_details_invoice
                ) rsd ON rs.sales_invoice = rsd.sales_details_invoice
                LEFT JOIN (
                    SELECT 
                        due_invoice_no, 
                        SUM(due_amount - due_paid_amount) AS customer_due,
                        SUM(due_paid_amount) AS total_due_paid
                    FROM return_customer_due
                    GROUP BY due_invoice_no
                ) rcd ON rs.sales_invoice = rcd.due_invoice_no
                LEFT JOIN customer c ON c.customer_id = rs.customer_type AND rs.customer_type REGEXP \'^[0-9]+\'
            ')
 3 SYSTEMPATH\Database\BaseConnection.php(646): CodeIgniter\Database\BaseConnection->simpleQuery(' SELECT 
                    rs.sales_invoice,
                    rs.sales_date,
                    rsd.total_sale,
                    rsd.total_tax,
                    rs.discount,
                    rs.others_cost,
                    rs.paid_amount,
                    IFNULL(rcd.customer_due, 0) AS customer_due,
                    IFNULL(rcd.total_due_paid, 0) AS due_paid_amount,
                    (rs.paid_amount + IFNULL(rcd.total_due_paid, 0)) AS total_paid,
                    rs.due_amount,
                    CASE 
                        WHEN rs.customer_type REGEXP \'^[0-9]+$\' THEN c.cus_first_name
                        ELSE rs.customer_type
                    END AS customer_name,
                    CASE
                        WHEN rs.customer_type = \'Walk-In-Customer\' THEN \'Fully Paid\'
                        WHEN IFNULL(rcd.customer_due, 0) = 0 THEN \'Fully Paid\'
                        ELSE \'Partially Paid\'
                    END AS payment_status
                FROM return_sales rs
                JOIN (
                    SELECT 
                        sales_details_invoice, 
                        SUM(total_sale_price) AS total_sale, 
                        SUM(tax_paid) AS total_tax
                    FROM return_sales_details
                    GROUP BY sales_details_invoice
                ) rsd ON rs.sales_invoice = rsd.sales_details_invoice
                LEFT JOIN (
                    SELECT 
                        due_invoice_no, 
                        SUM(due_amount - due_paid_amount) AS customer_due,
                        SUM(due_paid_amount) AS total_due_paid
                    FROM return_customer_due
                    GROUP BY due_invoice_no
                ) rcd ON rs.sales_invoice = rcd.due_invoice_no
                LEFT JOIN customer c ON c.customer_id = rs.customer_type AND rs.customer_type REGEXP \'^[0-9]+\'
            ')
 4 APPPATH\Controllers\salereturnlist.php(111): CodeIgniter\Database\BaseConnection->query(' SELECT 
                    rs.sales_invoice,
                    rs.sales_date,
                    rsd.total_sale,
                    rsd.total_tax,
                    rs.discount,
                    rs.others_cost,
                    rs.paid_amount,
                    IFNULL(rcd.customer_due, 0) AS customer_due,
                    IFNULL(rcd.total_due_paid, 0) AS due_paid_amount,
                    (rs.paid_amount + IFNULL(rcd.total_due_paid, 0)) AS total_paid,
                    rs.due_amount,
                    CASE 
                        WHEN rs.customer_type REGEXP \'^[0-9]+$\' THEN c.cus_first_name
                        ELSE rs.customer_type
                    END AS customer_name,
                    CASE
                        WHEN rs.customer_type = \'Walk-In-Customer\' THEN \'Fully Paid\'
                        WHEN IFNULL(rcd.customer_due, 0) = 0 THEN \'Fully Paid\'
                        ELSE \'Partially Paid\'
                    END AS payment_status
                FROM return_sales rs
                JOIN (
                    SELECT 
                        sales_details_invoice, 
                        SUM(total_sale_price) AS total_sale, 
                        SUM(tax_paid) AS total_tax
                    FROM return_sales_details
                    GROUP BY sales_details_invoice
                ) rsd ON rs.sales_invoice = rsd.sales_details_invoice
                LEFT JOIN (
                    SELECT 
                        due_invoice_no, 
                        SUM(due_amount - due_paid_amount) AS customer_due,
                        SUM(due_paid_amount) AS total_due_paid
                    FROM return_customer_due
                    GROUP BY due_invoice_no
                ) rcd ON rs.sales_invoice = rcd.due_invoice_no
                LEFT JOIN customer c ON c.customer_id = rs.customer_type AND rs.customer_type REGEXP \'^[0-9]+\'
            ')
 5 SYSTEMPATH\CodeIgniter.php(933): App\Controllers\salereturnlist->saleReturnListShow()
 6 SYSTEMPATH\CodeIgniter.php(507): CodeIgniter\CodeIgniter->runController(Object(App\Controllers\salereturnlist))
 7 SYSTEMPATH\CodeIgniter.php(354): CodeIgniter\CodeIgniter->handleRequest(null, Object(Config\Cache), false)
 8 SYSTEMPATH\Boot.php(363): CodeIgniter\CodeIgniter->run()
 9 SYSTEMPATH\Boot.php(68): CodeIgniter\Boot::runCodeIgniter(Object(CodeIgniter\CodeIgniter))
10 FCPATH\index.php(59): CodeIgniter\Boot::bootWeb(Object(Config\Paths))
DEBUG - 2025-12-09 09:44:17 --> Session: Class initialized using 'CodeIgniter\Session\Handlers\FileHandler' driver.
DEBUG - 2025-12-09 09:44:20 --> Session: Class initialized using 'CodeIgniter\Session\Handlers\FileHandler' driver.
DEBUG - 2025-12-09 09:44:25 --> Session: Class initialized using 'CodeIgniter\Session\Handlers\FileHandler' driver.
DEBUG - 2025-12-09 09:44:31 --> Session: Class initialized using 'CodeIgniter\Session\Handlers\FileHandler' driver.
DEBUG - 2025-12-09 09:44:36 --> Session: Class initialized using 'CodeIgniter\Session\Handlers\FileHandler' driver.
DEBUG - 2025-12-09 11:32:52 --> Session: Class initialized using 'CodeIgniter\Session\Handlers\FileHandler' driver.
DEBUG - 2025-12-09 11:32:52 --> Session: Class initialized using 'CodeIgniter\Session\Handlers\FileHandler' driver.
