DEBUG - 2025-09-14 10:22:18 --> Session: Class initialized using 'CodeIgniter\Session\Handlers\FileHandler' driver.
DEBUG - 2025-09-14 10:22:23 --> Session: Class initialized using 'CodeIgniter\Session\Handlers\FileHandler' driver.
DEBUG - 2025-09-14 10:22:23 --> Session: Class initialized using 'CodeIgniter\Session\Handlers\FileHandler' driver.
DEBUG - 2025-09-14 10:22:50 --> Session: Class initialized using 'CodeIgniter\Session\Handlers\FileHandler' driver.
DEBUG - 2025-09-14 10:22:57 --> Session: Class initialized using 'CodeIgniter\Session\Handlers\FileHandler' driver.
DEBUG - 2025-09-14 10:23:01 --> Session: Class initialized using 'CodeIgniter\Session\Handlers\FileHandler' driver.
DEBUG - 2025-09-14 10:24:14 --> Session: Class initialized using 'CodeIgniter\Session\Handlers\FileHandler' driver.
DEBUG - 2025-09-14 10:24:58 --> Session: Class initialized using 'CodeIgniter\Session\Handlers\FileHandler' driver.
DEBUG - 2025-09-14 10:25:29 --> Session: Class initialized using 'CodeIgniter\Session\Handlers\FileHandler' driver.
DEBUG - 2025-09-14 10:29:20 --> Session: Class initialized using 'CodeIgniter\Session\Handlers\FileHandler' driver.
DEBUG - 2025-09-14 10:29:22 --> Session: Class initialized using 'CodeIgniter\Session\Handlers\FileHandler' driver.
DEBUG - 2025-09-14 10:32:05 --> Session: Class initialized using 'CodeIgniter\Session\Handlers\FileHandler' driver.
DEBUG - 2025-09-14 10:38:25 --> Session: Class initialized using 'CodeIgniter\Session\Handlers\FileHandler' driver.
DEBUG - 2025-09-14 10:53:30 --> Session: Class initialized using 'CodeIgniter\Session\Handlers\FileHandler' driver.
DEBUG - 2025-09-14 10:53:55 --> Session: Class initialized using 'CodeIgniter\Session\Handlers\FileHandler' driver.
DEBUG - 2025-09-14 10:55:11 --> Session: Class initialized using 'CodeIgniter\Session\Handlers\FileHandler' driver.
DEBUG - 2025-09-14 10:56:22 --> Session: Class initialized using 'CodeIgniter\Session\Handlers\FileHandler' driver.
DEBUG - 2025-09-14 10:56:30 --> Session: Class initialized using 'CodeIgniter\Session\Handlers\FileHandler' driver.
DEBUG - 2025-09-14 10:59:39 --> Session: Class initialized using 'CodeIgniter\Session\Handlers\FileHandler' driver.
DEBUG - 2025-09-14 11:00:17 --> Session: Class initialized using 'CodeIgniter\Session\Handlers\FileHandler' driver.
CRITICAL - 2025-09-14 11:00:20 --> ErrorException: Undefined property: App\Controllers\ReturnController::$db
[Method: GET, Route: ReturnController/getProducts]
in APPPATH\Controllers\ReturnController.php on line 18.
 1 APPPATH\Controllers\ReturnController.php(18): CodeIgniter\Debug\Exceptions->errorHandler(2, 'Undefined property: App\\Controllers\\ReturnController::$db', 'C:\\laragon\\www\\codeigniter_pharmacy_v_4.6.3\\app\\Controllers\\ReturnController.php', 18)
 2 SYSTEMPATH\CodeIgniter.php(933): App\Controllers\ReturnController->getProducts()
 3 SYSTEMPATH\CodeIgniter.php(507): CodeIgniter\CodeIgniter->runController(Object(App\Controllers\ReturnController))
 4 SYSTEMPATH\CodeIgniter.php(354): CodeIgniter\CodeIgniter->handleRequest(null, Object(Config\Cache), false)
 5 SYSTEMPATH\Boot.php(363): CodeIgniter\CodeIgniter->run()
 6 SYSTEMPATH\Boot.php(68): CodeIgniter\Boot::runCodeIgniter(Object(CodeIgniter\CodeIgniter))
 7 FCPATH\index.php(59): CodeIgniter\Boot::bootWeb(Object(Config\Paths))
DEBUG - 2025-09-14 11:01:25 --> Session: Class initialized using 'CodeIgniter\Session\Handlers\FileHandler' driver.
ERROR - 2025-09-14 11:01:28 --> mysqli_sql_exception: Table 'pharmacy_db.product' doesn't exist in C:\laragon\www\codeigniter_pharmacy_v_4.6.3\system\Database\MySQLi\Connection.php:327
Stack trace:
#0 C:\laragon\www\codeigniter_pharmacy_v_4.6.3\system\Database\MySQLi\Connection.php(327): mysqli->query('SELECT `sd`.*, ...', 0)
#1 C:\laragon\www\codeigniter_pharmacy_v_4.6.3\system\Database\BaseConnection.php(729): CodeIgniter\Database\MySQLi\Connection->execute('SELECT `sd`.*, ...')
#2 C:\laragon\www\codeigniter_pharmacy_v_4.6.3\system\Database\BaseConnection.php(646): CodeIgniter\Database\BaseConnection->simpleQuery('SELECT `sd`.*, ...')
#3 C:\laragon\www\codeigniter_pharmacy_v_4.6.3\system\Database\BaseBuilder.php(1649): CodeIgniter\Database\BaseConnection->query('SELECT `sd`.*, ...', Array, false)
#4 C:\laragon\www\codeigniter_pharmacy_v_4.6.3\app\Controllers\ReturnController.php(31): CodeIgniter\Database\BaseBuilder->get()
#5 C:\laragon\www\codeigniter_pharmacy_v_4.6.3\system\CodeIgniter.php(933): App\Controllers\ReturnController->getProducts()
#6 C:\laragon\www\codeigniter_pharmacy_v_4.6.3\system\CodeIgniter.php(507): CodeIgniter\CodeIgniter->runController(Object(App\Controllers\ReturnController))
#7 C:\laragon\www\codeigniter_pharmacy_v_4.6.3\system\CodeIgniter.php(354): CodeIgniter\CodeIgniter->handleRequest(NULL, Object(Config\Cache), false)
#8 C:\laragon\www\codeigniter_pharmacy_v_4.6.3\system\Boot.php(363): CodeIgniter\CodeIgniter->run()
#9 C:\laragon\www\codeigniter_pharmacy_v_4.6.3\system\Boot.php(68): CodeIgniter\Boot::runCodeIgniter(Object(CodeIgniter\CodeIgniter))
#10 C:\laragon\www\codeigniter_pharmacy_v_4.6.3\index.php(59): CodeIgniter\Boot::bootWeb(Object(Config\Paths))
#11 {main}
CRITICAL - 2025-09-14 11:01:28 --> CodeIgniter\Database\Exceptions\DatabaseException: Table 'pharmacy_db.product' doesn't exist
[Method: GET, Route: ReturnController/getProducts]
in SYSTEMPATH\Database\BaseConnection.php on line 684.
 1 SYSTEMPATH\Database\BaseBuilder.php(1649): CodeIgniter\Database\BaseConnection->query('SELECT `sd`.*, `p`.`product_name`
FROM `sales_details` `sd`
JOIN `product` `p` ON `p`.`product_id` = `sd`.`product_id`
WHERE `sd`.`sales_details_invoice` = :sd.sales_details_invoice:', [...], false)
 2 APPPATH\Controllers\ReturnController.php(31): CodeIgniter\Database\BaseBuilder->get()
 3 SYSTEMPATH\CodeIgniter.php(933): App\Controllers\ReturnController->getProducts()
 4 SYSTEMPATH\CodeIgniter.php(507): CodeIgniter\CodeIgniter->runController(Object(App\Controllers\ReturnController))
 5 SYSTEMPATH\CodeIgniter.php(354): CodeIgniter\CodeIgniter->handleRequest(null, Object(Config\Cache), false)
 6 SYSTEMPATH\Boot.php(363): CodeIgniter\CodeIgniter->run()
 7 SYSTEMPATH\Boot.php(68): CodeIgniter\Boot::runCodeIgniter(Object(CodeIgniter\CodeIgniter))
 8 FCPATH\index.php(59): CodeIgniter\Boot::bootWeb(Object(Config\Paths))
CRITICAL - 2025-09-14 11:01:28 --> [Caused by] CodeIgniter\Database\Exceptions\DatabaseException: Table 'pharmacy_db.product' doesn't exist
in SYSTEMPATH\Database\MySQLi\Connection.php on line 332.
 1 SYSTEMPATH\Database\BaseConnection.php(729): CodeIgniter\Database\MySQLi\Connection->execute('SELECT `sd`.*, `p`.`product_name`
FROM `sales_details` `sd`
JOIN `product` `p` ON `p`.`product_id` = `sd`.`product_id`
WHERE `sd`.`sales_details_invoice` = \'INV25217398B8\'')
 2 SYSTEMPATH\Database\BaseConnection.php(646): CodeIgniter\Database\BaseConnection->simpleQuery('SELECT `sd`.*, `p`.`product_name`
FROM `sales_details` `sd`
JOIN `product` `p` ON `p`.`product_id` = `sd`.`product_id`
WHERE `sd`.`sales_details_invoice` = \'INV25217398B8\'')
 3 SYSTEMPATH\Database\BaseBuilder.php(1649): CodeIgniter\Database\BaseConnection->query('SELECT `sd`.*, `p`.`product_name`
FROM `sales_details` `sd`
JOIN `product` `p` ON `p`.`product_id` = `sd`.`product_id`
WHERE `sd`.`sales_details_invoice` = :sd.sales_details_invoice:', [...], false)
 4 APPPATH\Controllers\ReturnController.php(31): CodeIgniter\Database\BaseBuilder->get()
 5 SYSTEMPATH\CodeIgniter.php(933): App\Controllers\ReturnController->getProducts()
 6 SYSTEMPATH\CodeIgniter.php(507): CodeIgniter\CodeIgniter->runController(Object(App\Controllers\ReturnController))
 7 SYSTEMPATH\CodeIgniter.php(354): CodeIgniter\CodeIgniter->handleRequest(null, Object(Config\Cache), false)
 8 SYSTEMPATH\Boot.php(363): CodeIgniter\CodeIgniter->run()
 9 SYSTEMPATH\Boot.php(68): CodeIgniter\Boot::runCodeIgniter(Object(CodeIgniter\CodeIgniter))
10 FCPATH\index.php(59): CodeIgniter\Boot::bootWeb(Object(Config\Paths))
CRITICAL - 2025-09-14 11:01:28 --> [Caused by] mysqli_sql_exception: Table 'pharmacy_db.product' doesn't exist
in SYSTEMPATH\Database\MySQLi\Connection.php on line 327.
 1 SYSTEMPATH\Database\MySQLi\Connection.php(327): mysqli->query('SELECT `sd`.*, `p`.`product_name`
FROM `sales_details` `sd`
JOIN `product` `p` ON `p`.`product_id` = `sd`.`product_id`
WHERE `sd`.`sales_details_invoice` = \'INV25217398B8\'', 0)
 2 SYSTEMPATH\Database\BaseConnection.php(729): CodeIgniter\Database\MySQLi\Connection->execute('SELECT `sd`.*, `p`.`product_name`
FROM `sales_details` `sd`
JOIN `product` `p` ON `p`.`product_id` = `sd`.`product_id`
WHERE `sd`.`sales_details_invoice` = \'INV25217398B8\'')
 3 SYSTEMPATH\Database\BaseConnection.php(646): CodeIgniter\Database\BaseConnection->simpleQuery('SELECT `sd`.*, `p`.`product_name`
FROM `sales_details` `sd`
JOIN `product` `p` ON `p`.`product_id` = `sd`.`product_id`
WHERE `sd`.`sales_details_invoice` = \'INV25217398B8\'')
 4 SYSTEMPATH\Database\BaseBuilder.php(1649): CodeIgniter\Database\BaseConnection->query('SELECT `sd`.*, `p`.`product_name`
FROM `sales_details` `sd`
JOIN `product` `p` ON `p`.`product_id` = `sd`.`product_id`
WHERE `sd`.`sales_details_invoice` = :sd.sales_details_invoice:', [...], false)
 5 APPPATH\Controllers\ReturnController.php(31): CodeIgniter\Database\BaseBuilder->get()
 6 SYSTEMPATH\CodeIgniter.php(933): App\Controllers\ReturnController->getProducts()
 7 SYSTEMPATH\CodeIgniter.php(507): CodeIgniter\CodeIgniter->runController(Object(App\Controllers\ReturnController))
 8 SYSTEMPATH\CodeIgniter.php(354): CodeIgniter\CodeIgniter->handleRequest(null, Object(Config\Cache), false)
 9 SYSTEMPATH\Boot.php(363): CodeIgniter\CodeIgniter->run()
10 SYSTEMPATH\Boot.php(68): CodeIgniter\Boot::runCodeIgniter(Object(CodeIgniter\CodeIgniter))
11 FCPATH\index.php(59): CodeIgniter\Boot::bootWeb(Object(Config\Paths))
DEBUG - 2025-09-14 11:03:11 --> Session: Class initialized using 'CodeIgniter\Session\Handlers\FileHandler' driver.
ERROR - 2025-09-14 11:03:16 --> mysqli_sql_exception: Table 'pharmacy_db.product' doesn't exist in C:\laragon\www\codeigniter_pharmacy_v_4.6.3\system\Database\MySQLi\Connection.php:327
Stack trace:
#0 C:\laragon\www\codeigniter_pharmacy_v_4.6.3\system\Database\MySQLi\Connection.php(327): mysqli->query('SELECT `sd`.*, ...', 0)
#1 C:\laragon\www\codeigniter_pharmacy_v_4.6.3\system\Database\BaseConnection.php(729): CodeIgniter\Database\MySQLi\Connection->execute('SELECT `sd`.*, ...')
#2 C:\laragon\www\codeigniter_pharmacy_v_4.6.3\system\Database\BaseConnection.php(646): CodeIgniter\Database\BaseConnection->simpleQuery('SELECT `sd`.*, ...')
#3 C:\laragon\www\codeigniter_pharmacy_v_4.6.3\system\Database\BaseBuilder.php(1649): CodeIgniter\Database\BaseConnection->query('SELECT `sd`.*, ...', Array, false)
#4 C:\laragon\www\codeigniter_pharmacy_v_4.6.3\app\Controllers\ReturnController.php(31): CodeIgniter\Database\BaseBuilder->get()
#5 C:\laragon\www\codeigniter_pharmacy_v_4.6.3\system\CodeIgniter.php(933): App\Controllers\ReturnController->getProducts()
#6 C:\laragon\www\codeigniter_pharmacy_v_4.6.3\system\CodeIgniter.php(507): CodeIgniter\CodeIgniter->runController(Object(App\Controllers\ReturnController))
#7 C:\laragon\www\codeigniter_pharmacy_v_4.6.3\system\CodeIgniter.php(354): CodeIgniter\CodeIgniter->handleRequest(NULL, Object(Config\Cache), false)
#8 C:\laragon\www\codeigniter_pharmacy_v_4.6.3\system\Boot.php(363): CodeIgniter\CodeIgniter->run()
#9 C:\laragon\www\codeigniter_pharmacy_v_4.6.3\system\Boot.php(68): CodeIgniter\Boot::runCodeIgniter(Object(CodeIgniter\CodeIgniter))
#10 C:\laragon\www\codeigniter_pharmacy_v_4.6.3\index.php(59): CodeIgniter\Boot::bootWeb(Object(Config\Paths))
#11 {main}
CRITICAL - 2025-09-14 11:03:16 --> CodeIgniter\Database\Exceptions\DatabaseException: Table 'pharmacy_db.product' doesn't exist
[Method: GET, Route: ReturnController/getProducts]
in SYSTEMPATH\Database\BaseConnection.php on line 684.
 1 SYSTEMPATH\Database\BaseBuilder.php(1649): CodeIgniter\Database\BaseConnection->query('SELECT `sd`.*, `p`.`product_name`
FROM `sales_details` `sd`
JOIN `product` `p` ON `p`.`product_id` = `sd`.`product_id`
WHERE `sd`.`sales_details_invoice` = :sd.sales_details_invoice:', [...], false)
 2 APPPATH\Controllers\ReturnController.php(31): CodeIgniter\Database\BaseBuilder->get()
 3 SYSTEMPATH\CodeIgniter.php(933): App\Controllers\ReturnController->getProducts()
 4 SYSTEMPATH\CodeIgniter.php(507): CodeIgniter\CodeIgniter->runController(Object(App\Controllers\ReturnController))
 5 SYSTEMPATH\CodeIgniter.php(354): CodeIgniter\CodeIgniter->handleRequest(null, Object(Config\Cache), false)
 6 SYSTEMPATH\Boot.php(363): CodeIgniter\CodeIgniter->run()
 7 SYSTEMPATH\Boot.php(68): CodeIgniter\Boot::runCodeIgniter(Object(CodeIgniter\CodeIgniter))
 8 FCPATH\index.php(59): CodeIgniter\Boot::bootWeb(Object(Config\Paths))
CRITICAL - 2025-09-14 11:03:16 --> [Caused by] CodeIgniter\Database\Exceptions\DatabaseException: Table 'pharmacy_db.product' doesn't exist
in SYSTEMPATH\Database\MySQLi\Connection.php on line 332.
 1 SYSTEMPATH\Database\BaseConnection.php(729): CodeIgniter\Database\MySQLi\Connection->execute('SELECT `sd`.*, `p`.`product_name`
FROM `sales_details` `sd`
JOIN `product` `p` ON `p`.`product_id` = `sd`.`product_id`
WHERE `sd`.`sales_details_invoice` = \'INV25217398B8\'')
 2 SYSTEMPATH\Database\BaseConnection.php(646): CodeIgniter\Database\BaseConnection->simpleQuery('SELECT `sd`.*, `p`.`product_name`
FROM `sales_details` `sd`
JOIN `product` `p` ON `p`.`product_id` = `sd`.`product_id`
WHERE `sd`.`sales_details_invoice` = \'INV25217398B8\'')
 3 SYSTEMPATH\Database\BaseBuilder.php(1649): CodeIgniter\Database\BaseConnection->query('SELECT `sd`.*, `p`.`product_name`
FROM `sales_details` `sd`
JOIN `product` `p` ON `p`.`product_id` = `sd`.`product_id`
WHERE `sd`.`sales_details_invoice` = :sd.sales_details_invoice:', [...], false)
 4 APPPATH\Controllers\ReturnController.php(31): CodeIgniter\Database\BaseBuilder->get()
 5 SYSTEMPATH\CodeIgniter.php(933): App\Controllers\ReturnController->getProducts()
 6 SYSTEMPATH\CodeIgniter.php(507): CodeIgniter\CodeIgniter->runController(Object(App\Controllers\ReturnController))
 7 SYSTEMPATH\CodeIgniter.php(354): CodeIgniter\CodeIgniter->handleRequest(null, Object(Config\Cache), false)
 8 SYSTEMPATH\Boot.php(363): CodeIgniter\CodeIgniter->run()
 9 SYSTEMPATH\Boot.php(68): CodeIgniter\Boot::runCodeIgniter(Object(CodeIgniter\CodeIgniter))
10 FCPATH\index.php(59): CodeIgniter\Boot::bootWeb(Object(Config\Paths))
CRITICAL - 2025-09-14 11:03:16 --> [Caused by] mysqli_sql_exception: Table 'pharmacy_db.product' doesn't exist
in SYSTEMPATH\Database\MySQLi\Connection.php on line 327.
 1 SYSTEMPATH\Database\MySQLi\Connection.php(327): mysqli->query('SELECT `sd`.*, `p`.`product_name`
FROM `sales_details` `sd`
JOIN `product` `p` ON `p`.`product_id` = `sd`.`product_id`
WHERE `sd`.`sales_details_invoice` = \'INV25217398B8\'', 0)
 2 SYSTEMPATH\Database\BaseConnection.php(729): CodeIgniter\Database\MySQLi\Connection->execute('SELECT `sd`.*, `p`.`product_name`
FROM `sales_details` `sd`
JOIN `product` `p` ON `p`.`product_id` = `sd`.`product_id`
WHERE `sd`.`sales_details_invoice` = \'INV25217398B8\'')
 3 SYSTEMPATH\Database\BaseConnection.php(646): CodeIgniter\Database\BaseConnection->simpleQuery('SELECT `sd`.*, `p`.`product_name`
FROM `sales_details` `sd`
JOIN `product` `p` ON `p`.`product_id` = `sd`.`product_id`
WHERE `sd`.`sales_details_invoice` = \'INV25217398B8\'')
 4 SYSTEMPATH\Database\BaseBuilder.php(1649): CodeIgniter\Database\BaseConnection->query('SELECT `sd`.*, `p`.`product_name`
FROM `sales_details` `sd`
JOIN `product` `p` ON `p`.`product_id` = `sd`.`product_id`
WHERE `sd`.`sales_details_invoice` = :sd.sales_details_invoice:', [...], false)
 5 APPPATH\Controllers\ReturnController.php(31): CodeIgniter\Database\BaseBuilder->get()
 6 SYSTEMPATH\CodeIgniter.php(933): App\Controllers\ReturnController->getProducts()
 7 SYSTEMPATH\CodeIgniter.php(507): CodeIgniter\CodeIgniter->runController(Object(App\Controllers\ReturnController))
 8 SYSTEMPATH\CodeIgniter.php(354): CodeIgniter\CodeIgniter->handleRequest(null, Object(Config\Cache), false)
 9 SYSTEMPATH\Boot.php(363): CodeIgniter\CodeIgniter->run()
10 SYSTEMPATH\Boot.php(68): CodeIgniter\Boot::runCodeIgniter(Object(CodeIgniter\CodeIgniter))
11 FCPATH\index.php(59): CodeIgniter\Boot::bootWeb(Object(Config\Paths))
ERROR - 2025-09-14 11:03:22 --> mysqli_sql_exception: Table 'pharmacy_db.product' doesn't exist in C:\laragon\www\codeigniter_pharmacy_v_4.6.3\system\Database\MySQLi\Connection.php:327
Stack trace:
#0 C:\laragon\www\codeigniter_pharmacy_v_4.6.3\system\Database\MySQLi\Connection.php(327): mysqli->query('SELECT `sd`.*, ...', 0)
#1 C:\laragon\www\codeigniter_pharmacy_v_4.6.3\system\Database\BaseConnection.php(729): CodeIgniter\Database\MySQLi\Connection->execute('SELECT `sd`.*, ...')
#2 C:\laragon\www\codeigniter_pharmacy_v_4.6.3\system\Database\BaseConnection.php(646): CodeIgniter\Database\BaseConnection->simpleQuery('SELECT `sd`.*, ...')
#3 C:\laragon\www\codeigniter_pharmacy_v_4.6.3\system\Database\BaseBuilder.php(1649): CodeIgniter\Database\BaseConnection->query('SELECT `sd`.*, ...', Array, false)
#4 C:\laragon\www\codeigniter_pharmacy_v_4.6.3\app\Controllers\ReturnController.php(31): CodeIgniter\Database\BaseBuilder->get()
#5 C:\laragon\www\codeigniter_pharmacy_v_4.6.3\system\CodeIgniter.php(933): App\Controllers\ReturnController->getProducts()
#6 C:\laragon\www\codeigniter_pharmacy_v_4.6.3\system\CodeIgniter.php(507): CodeIgniter\CodeIgniter->runController(Object(App\Controllers\ReturnController))
#7 C:\laragon\www\codeigniter_pharmacy_v_4.6.3\system\CodeIgniter.php(354): CodeIgniter\CodeIgniter->handleRequest(NULL, Object(Config\Cache), false)
#8 C:\laragon\www\codeigniter_pharmacy_v_4.6.3\system\Boot.php(363): CodeIgniter\CodeIgniter->run()
#9 C:\laragon\www\codeigniter_pharmacy_v_4.6.3\system\Boot.php(68): CodeIgniter\Boot::runCodeIgniter(Object(CodeIgniter\CodeIgniter))
#10 C:\laragon\www\codeigniter_pharmacy_v_4.6.3\index.php(59): CodeIgniter\Boot::bootWeb(Object(Config\Paths))
#11 {main}
CRITICAL - 2025-09-14 11:03:22 --> CodeIgniter\Database\Exceptions\DatabaseException: Table 'pharmacy_db.product' doesn't exist
[Method: GET, Route: ReturnController/getProducts]
in SYSTEMPATH\Database\BaseConnection.php on line 684.
 1 SYSTEMPATH\Database\BaseBuilder.php(1649): CodeIgniter\Database\BaseConnection->query('SELECT `sd`.*, `p`.`product_name`
FROM `sales_details` `sd`
JOIN `product` `p` ON `p`.`product_id` = `sd`.`product_id`
WHERE `sd`.`sales_details_invoice` = :sd.sales_details_invoice:', [...], false)
 2 APPPATH\Controllers\ReturnController.php(31): CodeIgniter\Database\BaseBuilder->get()
 3 SYSTEMPATH\CodeIgniter.php(933): App\Controllers\ReturnController->getProducts()
 4 SYSTEMPATH\CodeIgniter.php(507): CodeIgniter\CodeIgniter->runController(Object(App\Controllers\ReturnController))
 5 SYSTEMPATH\CodeIgniter.php(354): CodeIgniter\CodeIgniter->handleRequest(null, Object(Config\Cache), false)
 6 SYSTEMPATH\Boot.php(363): CodeIgniter\CodeIgniter->run()
 7 SYSTEMPATH\Boot.php(68): CodeIgniter\Boot::runCodeIgniter(Object(CodeIgniter\CodeIgniter))
 8 FCPATH\index.php(59): CodeIgniter\Boot::bootWeb(Object(Config\Paths))
CRITICAL - 2025-09-14 11:03:22 --> [Caused by] CodeIgniter\Database\Exceptions\DatabaseException: Table 'pharmacy_db.product' doesn't exist
in SYSTEMPATH\Database\MySQLi\Connection.php on line 332.
 1 SYSTEMPATH\Database\BaseConnection.php(729): CodeIgniter\Database\MySQLi\Connection->execute('SELECT `sd`.*, `p`.`product_name`
FROM `sales_details` `sd`
JOIN `product` `p` ON `p`.`product_id` = `sd`.`product_id`
WHERE `sd`.`sales_details_invoice` = \'INV25212FA09C\'')
 2 SYSTEMPATH\Database\BaseConnection.php(646): CodeIgniter\Database\BaseConnection->simpleQuery('SELECT `sd`.*, `p`.`product_name`
FROM `sales_details` `sd`
JOIN `product` `p` ON `p`.`product_id` = `sd`.`product_id`
WHERE `sd`.`sales_details_invoice` = \'INV25212FA09C\'')
 3 SYSTEMPATH\Database\BaseBuilder.php(1649): CodeIgniter\Database\BaseConnection->query('SELECT `sd`.*, `p`.`product_name`
FROM `sales_details` `sd`
JOIN `product` `p` ON `p`.`product_id` = `sd`.`product_id`
WHERE `sd`.`sales_details_invoice` = :sd.sales_details_invoice:', [...], false)
 4 APPPATH\Controllers\ReturnController.php(31): CodeIgniter\Database\BaseBuilder->get()
 5 SYSTEMPATH\CodeIgniter.php(933): App\Controllers\ReturnController->getProducts()
 6 SYSTEMPATH\CodeIgniter.php(507): CodeIgniter\CodeIgniter->runController(Object(App\Controllers\ReturnController))
 7 SYSTEMPATH\CodeIgniter.php(354): CodeIgniter\CodeIgniter->handleRequest(null, Object(Config\Cache), false)
 8 SYSTEMPATH\Boot.php(363): CodeIgniter\CodeIgniter->run()
 9 SYSTEMPATH\Boot.php(68): CodeIgniter\Boot::runCodeIgniter(Object(CodeIgniter\CodeIgniter))
10 FCPATH\index.php(59): CodeIgniter\Boot::bootWeb(Object(Config\Paths))
CRITICAL - 2025-09-14 11:03:22 --> [Caused by] mysqli_sql_exception: Table 'pharmacy_db.product' doesn't exist
in SYSTEMPATH\Database\MySQLi\Connection.php on line 327.
 1 SYSTEMPATH\Database\MySQLi\Connection.php(327): mysqli->query('SELECT `sd`.*, `p`.`product_name`
FROM `sales_details` `sd`
JOIN `product` `p` ON `p`.`product_id` = `sd`.`product_id`
WHERE `sd`.`sales_details_invoice` = \'INV25212FA09C\'', 0)
 2 SYSTEMPATH\Database\BaseConnection.php(729): CodeIgniter\Database\MySQLi\Connection->execute('SELECT `sd`.*, `p`.`product_name`
FROM `sales_details` `sd`
JOIN `product` `p` ON `p`.`product_id` = `sd`.`product_id`
WHERE `sd`.`sales_details_invoice` = \'INV25212FA09C\'')
 3 SYSTEMPATH\Database\BaseConnection.php(646): CodeIgniter\Database\BaseConnection->simpleQuery('SELECT `sd`.*, `p`.`product_name`
FROM `sales_details` `sd`
JOIN `product` `p` ON `p`.`product_id` = `sd`.`product_id`
WHERE `sd`.`sales_details_invoice` = \'INV25212FA09C\'')
 4 SYSTEMPATH\Database\BaseBuilder.php(1649): CodeIgniter\Database\BaseConnection->query('SELECT `sd`.*, `p`.`product_name`
FROM `sales_details` `sd`
JOIN `product` `p` ON `p`.`product_id` = `sd`.`product_id`
WHERE `sd`.`sales_details_invoice` = :sd.sales_details_invoice:', [...], false)
 5 APPPATH\Controllers\ReturnController.php(31): CodeIgniter\Database\BaseBuilder->get()
 6 SYSTEMPATH\CodeIgniter.php(933): App\Controllers\ReturnController->getProducts()
 7 SYSTEMPATH\CodeIgniter.php(507): CodeIgniter\CodeIgniter->runController(Object(App\Controllers\ReturnController))
 8 SYSTEMPATH\CodeIgniter.php(354): CodeIgniter\CodeIgniter->handleRequest(null, Object(Config\Cache), false)
 9 SYSTEMPATH\Boot.php(363): CodeIgniter\CodeIgniter->run()
10 SYSTEMPATH\Boot.php(68): CodeIgniter\Boot::runCodeIgniter(Object(CodeIgniter\CodeIgniter))
11 FCPATH\index.php(59): CodeIgniter\Boot::bootWeb(Object(Config\Paths))
DEBUG - 2025-09-14 11:04:53 --> Session: Class initialized using 'CodeIgniter\Session\Handlers\FileHandler' driver.
DEBUG - 2025-09-14 11:21:46 --> Session: Class initialized using 'CodeIgniter\Session\Handlers\FileHandler' driver.
ERROR - 2025-09-14 11:21:50 --> mysqli_sql_exception: Table 'pharmacy_db.product' doesn't exist in C:\laragon\www\codeigniter_pharmacy_v_4.6.3\system\Database\MySQLi\Connection.php:327
Stack trace:
#0 C:\laragon\www\codeigniter_pharmacy_v_4.6.3\system\Database\MySQLi\Connection.php(327): mysqli->query('SELECT `sd`.*, ...', 0)
#1 C:\laragon\www\codeigniter_pharmacy_v_4.6.3\system\Database\BaseConnection.php(729): CodeIgniter\Database\MySQLi\Connection->execute('SELECT `sd`.*, ...')
#2 C:\laragon\www\codeigniter_pharmacy_v_4.6.3\system\Database\BaseConnection.php(646): CodeIgniter\Database\BaseConnection->simpleQuery('SELECT `sd`.*, ...')
#3 C:\laragon\www\codeigniter_pharmacy_v_4.6.3\system\Database\BaseBuilder.php(1649): CodeIgniter\Database\BaseConnection->query('SELECT `sd`.*, ...', Array, false)
#4 C:\laragon\www\codeigniter_pharmacy_v_4.6.3\app\Controllers\ReturnController.php(36): CodeIgniter\Database\BaseBuilder->get()
#5 C:\laragon\www\codeigniter_pharmacy_v_4.6.3\system\CodeIgniter.php(933): App\Controllers\ReturnController->getProducts()
#6 C:\laragon\www\codeigniter_pharmacy_v_4.6.3\system\CodeIgniter.php(507): CodeIgniter\CodeIgniter->runController(Object(App\Controllers\ReturnController))
#7 C:\laragon\www\codeigniter_pharmacy_v_4.6.3\system\CodeIgniter.php(354): CodeIgniter\CodeIgniter->handleRequest(NULL, Object(Config\Cache), false)
#8 C:\laragon\www\codeigniter_pharmacy_v_4.6.3\system\Boot.php(363): CodeIgniter\CodeIgniter->run()
#9 C:\laragon\www\codeigniter_pharmacy_v_4.6.3\system\Boot.php(68): CodeIgniter\Boot::runCodeIgniter(Object(CodeIgniter\CodeIgniter))
#10 C:\laragon\www\codeigniter_pharmacy_v_4.6.3\index.php(59): CodeIgniter\Boot::bootWeb(Object(Config\Paths))
#11 {main}
CRITICAL - 2025-09-14 11:21:50 --> CodeIgniter\Database\Exceptions\DatabaseException: Table 'pharmacy_db.product' doesn't exist
[Method: GET, Route: ReturnController/getProducts]
in SYSTEMPATH\Database\BaseConnection.php on line 684.
 1 SYSTEMPATH\Database\BaseBuilder.php(1649): CodeIgniter\Database\BaseConnection->query('SELECT `sd`.*, `p`.`product_name`
FROM `sales_details` `sd`
JOIN `product` `p` ON `p`.`product_id` = `sd`.`product_id`
WHERE `sd`.`sales_details_invoice` = :sd.sales_details_invoice:', [...], false)
 2 APPPATH\Controllers\ReturnController.php(36): CodeIgniter\Database\BaseBuilder->get()
 3 SYSTEMPATH\CodeIgniter.php(933): App\Controllers\ReturnController->getProducts()
 4 SYSTEMPATH\CodeIgniter.php(507): CodeIgniter\CodeIgniter->runController(Object(App\Controllers\ReturnController))
 5 SYSTEMPATH\CodeIgniter.php(354): CodeIgniter\CodeIgniter->handleRequest(null, Object(Config\Cache), false)
 6 SYSTEMPATH\Boot.php(363): CodeIgniter\CodeIgniter->run()
 7 SYSTEMPATH\Boot.php(68): CodeIgniter\Boot::runCodeIgniter(Object(CodeIgniter\CodeIgniter))
 8 FCPATH\index.php(59): CodeIgniter\Boot::bootWeb(Object(Config\Paths))
CRITICAL - 2025-09-14 11:21:50 --> [Caused by] CodeIgniter\Database\Exceptions\DatabaseException: Table 'pharmacy_db.product' doesn't exist
in SYSTEMPATH\Database\MySQLi\Connection.php on line 332.
 1 SYSTEMPATH\Database\BaseConnection.php(729): CodeIgniter\Database\MySQLi\Connection->execute('SELECT `sd`.*, `p`.`product_name`
FROM `sales_details` `sd`
JOIN `product` `p` ON `p`.`product_id` = `sd`.`product_id`
WHERE `sd`.`sales_details_invoice` = \'INV25212FA09C\'')
 2 SYSTEMPATH\Database\BaseConnection.php(646): CodeIgniter\Database\BaseConnection->simpleQuery('SELECT `sd`.*, `p`.`product_name`
FROM `sales_details` `sd`
JOIN `product` `p` ON `p`.`product_id` = `sd`.`product_id`
WHERE `sd`.`sales_details_invoice` = \'INV25212FA09C\'')
 3 SYSTEMPATH\Database\BaseBuilder.php(1649): CodeIgniter\Database\BaseConnection->query('SELECT `sd`.*, `p`.`product_name`
FROM `sales_details` `sd`
JOIN `product` `p` ON `p`.`product_id` = `sd`.`product_id`
WHERE `sd`.`sales_details_invoice` = :sd.sales_details_invoice:', [...], false)
 4 APPPATH\Controllers\ReturnController.php(36): CodeIgniter\Database\BaseBuilder->get()
 5 SYSTEMPATH\CodeIgniter.php(933): App\Controllers\ReturnController->getProducts()
 6 SYSTEMPATH\CodeIgniter.php(507): CodeIgniter\CodeIgniter->runController(Object(App\Controllers\ReturnController))
 7 SYSTEMPATH\CodeIgniter.php(354): CodeIgniter\CodeIgniter->handleRequest(null, Object(Config\Cache), false)
 8 SYSTEMPATH\Boot.php(363): CodeIgniter\CodeIgniter->run()
 9 SYSTEMPATH\Boot.php(68): CodeIgniter\Boot::runCodeIgniter(Object(CodeIgniter\CodeIgniter))
10 FCPATH\index.php(59): CodeIgniter\Boot::bootWeb(Object(Config\Paths))
CRITICAL - 2025-09-14 11:21:50 --> [Caused by] mysqli_sql_exception: Table 'pharmacy_db.product' doesn't exist
in SYSTEMPATH\Database\MySQLi\Connection.php on line 327.
 1 SYSTEMPATH\Database\MySQLi\Connection.php(327): mysqli->query('SELECT `sd`.*, `p`.`product_name`
FROM `sales_details` `sd`
JOIN `product` `p` ON `p`.`product_id` = `sd`.`product_id`
WHERE `sd`.`sales_details_invoice` = \'INV25212FA09C\'', 0)
 2 SYSTEMPATH\Database\BaseConnection.php(729): CodeIgniter\Database\MySQLi\Connection->execute('SELECT `sd`.*, `p`.`product_name`
FROM `sales_details` `sd`
JOIN `product` `p` ON `p`.`product_id` = `sd`.`product_id`
WHERE `sd`.`sales_details_invoice` = \'INV25212FA09C\'')
 3 SYSTEMPATH\Database\BaseConnection.php(646): CodeIgniter\Database\BaseConnection->simpleQuery('SELECT `sd`.*, `p`.`product_name`
FROM `sales_details` `sd`
JOIN `product` `p` ON `p`.`product_id` = `sd`.`product_id`
WHERE `sd`.`sales_details_invoice` = \'INV25212FA09C\'')
 4 SYSTEMPATH\Database\BaseBuilder.php(1649): CodeIgniter\Database\BaseConnection->query('SELECT `sd`.*, `p`.`product_name`
FROM `sales_details` `sd`
JOIN `product` `p` ON `p`.`product_id` = `sd`.`product_id`
WHERE `sd`.`sales_details_invoice` = :sd.sales_details_invoice:', [...], false)
 5 APPPATH\Controllers\ReturnController.php(36): CodeIgniter\Database\BaseBuilder->get()
 6 SYSTEMPATH\CodeIgniter.php(933): App\Controllers\ReturnController->getProducts()
 7 SYSTEMPATH\CodeIgniter.php(507): CodeIgniter\CodeIgniter->runController(Object(App\Controllers\ReturnController))
 8 SYSTEMPATH\CodeIgniter.php(354): CodeIgniter\CodeIgniter->handleRequest(null, Object(Config\Cache), false)
 9 SYSTEMPATH\Boot.php(363): CodeIgniter\CodeIgniter->run()
10 SYSTEMPATH\Boot.php(68): CodeIgniter\Boot::runCodeIgniter(Object(CodeIgniter\CodeIgniter))
11 FCPATH\index.php(59): CodeIgniter\Boot::bootWeb(Object(Config\Paths))
DEBUG - 2025-09-14 11:27:56 --> Session: Class initialized using 'CodeIgniter\Session\Handlers\FileHandler' driver.
DEBUG - 2025-09-14 11:28:12 --> Session: Class initialized using 'CodeIgniter\Session\Handlers\FileHandler' driver.
DEBUG - 2025-09-14 11:29:11 --> Session: Class initialized using 'CodeIgniter\Session\Handlers\FileHandler' driver.
DEBUG - 2025-09-14 11:29:36 --> Session: Class initialized using 'CodeIgniter\Session\Handlers\FileHandler' driver.
DEBUG - 2025-09-14 11:35:37 --> Session: Class initialized using 'CodeIgniter\Session\Handlers\FileHandler' driver.
DEBUG - 2025-09-14 11:35:49 --> Session: Class initialized using 'CodeIgniter\Session\Handlers\FileHandler' driver.
DEBUG - 2025-09-14 11:35:59 --> Session: Class initialized using 'CodeIgniter\Session\Handlers\FileHandler' driver.
DEBUG - 2025-09-14 11:36:11 --> Session: Class initialized using 'CodeIgniter\Session\Handlers\FileHandler' driver.
DEBUG - 2025-09-14 11:36:20 --> Session: Class initialized using 'CodeIgniter\Session\Handlers\FileHandler' driver.
DEBUG - 2025-09-14 11:36:30 --> Session: Class initialized using 'CodeIgniter\Session\Handlers\FileHandler' driver.
DEBUG - 2025-09-14 11:38:17 --> Session: Class initialized using 'CodeIgniter\Session\Handlers\FileHandler' driver.
DEBUG - 2025-09-14 11:42:21 --> Session: Class initialized using 'CodeIgniter\Session\Handlers\FileHandler' driver.
DEBUG - 2025-09-14 11:42:22 --> Session: Class initialized using 'CodeIgniter\Session\Handlers\FileHandler' driver.
DEBUG - 2025-09-14 11:42:45 --> Session: Class initialized using 'CodeIgniter\Session\Handlers\FileHandler' driver.
DEBUG - 2025-09-14 11:43:35 --> Session: Class initialized using 'CodeIgniter\Session\Handlers\FileHandler' driver.
DEBUG - 2025-09-14 11:43:36 --> Session: Class initialized using 'CodeIgniter\Session\Handlers\FileHandler' driver.
DEBUG - 2025-09-14 11:43:38 --> Session: Class initialized using 'CodeIgniter\Session\Handlers\FileHandler' driver.
DEBUG - 2025-09-14 11:43:54 --> Session: Class initialized using 'CodeIgniter\Session\Handlers\FileHandler' driver.
DEBUG - 2025-09-14 11:44:01 --> Session: Class initialized using 'CodeIgniter\Session\Handlers\FileHandler' driver.
DEBUG - 2025-09-14 11:49:55 --> Session: Class initialized using 'CodeIgniter\Session\Handlers\FileHandler' driver.
DEBUG - 2025-09-14 11:53:11 --> Session: Class initialized using 'CodeIgniter\Session\Handlers\FileHandler' driver.
