CRITICAL - 2025-09-23 11:24:39 --> Error: Class "Locale" not found
[Method: GET, Route: /]
in SYSTEMPATH\CodeIgniter.php on line 189.
 1 SYSTEMPATH\Boot.php(350): CodeIgniter\CodeIgniter->initialize()
 2 SYSTEMPATH\Boot.php(67): CodeIgniter\Boot::initializeCodeIgniter()
 3 FCPATH\index.php(59): CodeIgniter\Boot::bootWeb(Object(Config\Paths))
CRITICAL - 2025-09-23 11:24:40 --> ErrorException: Uncaught Error: Class "Locale" not found in C:\laragon\www\codeigniter_pharmacy_v_4.6.3\system\Helpers\number_helper.php:142
Stack trace:
#0 C:\laragon\www\codeigniter_pharmacy_v_4.6.3\system\Helpers\number_helper.php(60): format_number(6.0, 2, NULL, Array)
#1 C:\laragon\www\codeigniter_pharmacy_v_4.6.3\system\Debug\BaseExceptionHandler.php(154): number_to_size(6.0, 2)
#2 C:\laragon\www\codeigniter_pharmacy_v_4.6.3\app\Views\errors\html\error_exception.php(408): CodeIgniter\Debug\BaseExceptionHandler::describeMemory(6291456)
#3 C:\laragon\www\codeigniter_pharmacy_v_4.6.3\system\Debug\BaseExceptionHandler.php(266): include('C:\\laragon\\www\\...')
#4 C:\laragon\www\codeigniter_pharmacy_v_4.6.3\system\Debug\BaseExceptionHandler.php(269): CodeIgniter\Debug\BaseExceptionHandler->CodeIgniter\Debug\{closure}()
#5 C:\laragon\www\codeigniter_pharmacy_v_4.6.3\system\Debug\ExceptionHandler.php(116): CodeIgniter\Debug\BaseExceptionHandler->render(Object(Error), 500, 'C:\\laragon\\www\\...')
#6 C:\laragon\www\codeigniter_pharmacy_v_4.6.3\system\Debug\Exceptions.php(162): CodeIgniter\Debug\ExceptionHandler->handle(Object(Error), Object(CodeIgniter\HTTP\IncomingRequest), Object(CodeIgniter\HTTP\Response), 500, 1)
#7 [internal function]: CodeIgniter\Debug\Exceptions->exceptionHandler(Object(Error))
#8 {main}
  thrown
【Previous Exception】
Error
Class "Locale" not found
#0 C:\laragon\www\codeigniter_pharmacy_v_4.6.3\system\Boot.php(350): CodeIgniter\CodeIgniter->initialize()
#1 C:\laragon\www\codeigniter_pharmacy_v_4.6.3\system\Boot.php(67): CodeIgniter\Boot::initializeCodeIgniter()
#2 C:\laragon\www\codeigniter_pharmacy_v_4.6.3\index.php(59): CodeIgniter\Boot::bootWeb(Object(Config\Paths))
#3 {main}
[Method: GET, Route: /]
in SYSTEMPATH\Helpers\number_helper.php on line 142.
 1 [internal function]: CodeIgniter\Debug\Exceptions->shutdownHandler()
DEBUG - 2025-09-23 11:25:06 --> Session: Class initialized using 'CodeIgniter\Session\Handlers\FileHandler' driver.
DEBUG - 2025-09-23 11:25:06 --> Session: Class initialized using 'CodeIgniter\Session\Handlers\FileHandler' driver.
DEBUG - 2025-09-23 11:25:12 --> Session: Class initialized using 'CodeIgniter\Session\Handlers\FileHandler' driver.
DEBUG - 2025-09-23 11:25:13 --> Session: Class initialized using 'CodeIgniter\Session\Handlers\FileHandler' driver.
DEBUG - 2025-09-23 11:25:18 --> Session: Class initialized using 'CodeIgniter\Session\Handlers\FileHandler' driver.
DEBUG - 2025-09-23 11:25:30 --> Session: Class initialized using 'CodeIgniter\Session\Handlers\FileHandler' driver.
DEBUG - 2025-09-23 11:26:02 --> Session: Class initialized using 'CodeIgniter\Session\Handlers\FileHandler' driver.
