CRITICAL - 2025-08-20 17:05:42 --> ErrorException: Undefined variable $allowedMenus
[Method: GET, Route: /]
in APPPATH\Views\ViewDashboard.php on line 5.
 1 APPPATH\Views\ViewDashboard.php(5): CodeIgniter\Debug\Exceptions->errorHandler(2, 'Undefined variable $allowedMenus', 'C:\\laragon\\www\\codeigniter_pharmacy_v_4.6.3\\app\\Views\\ViewDashboard.php', 5)
 2 SYSTEMPATH\View\View.php(226): include('C:\\laragon\\www\\codeigniter_pharmacy_v_4.6.3\\app\\Views\\ViewDashboard.php')
 3 SYSTEMPATH\View\View.php(229): CodeIgniter\View\View->CodeIgniter\View\{closure}()
 4 SYSTEMPATH\Common.php(1167): CodeIgniter\View\View->render('ViewDashboard', [], true)
 5 APPPATH\Controllers\Dashboard.php(37): view('ViewDashboard')
 6 SYSTEMPATH\CodeIgniter.php(933): App\Controllers\Dashboard->index()
 7 SYSTEMPATH\CodeIgniter.php(507): CodeIgniter\CodeIgniter->runController(Object(App\Controllers\Dashboard))
 8 SYSTEMPATH\CodeIgniter.php(354): CodeIgniter\CodeIgniter->handleRequest(null, Object(Config\Cache), false)
 9 SYSTEMPATH\Boot.php(363): CodeIgniter\CodeIgniter->run()
10 SYSTEMPATH\Boot.php(68): CodeIgniter\Boot::runCodeIgniter(Object(CodeIgniter\CodeIgniter))
11 FCPATH\index.php(59): CodeIgniter\Boot::bootWeb(Object(Config\Paths))
CRITICAL - 2025-08-20 17:06:31 --> ErrorException: Undefined variable $allowedMenus
[Method: GET, Route: /]
in APPPATH\Views\ViewDashboard.php on line 5.
 1 APPPATH\Views\ViewDashboard.php(5): CodeIgniter\Debug\Exceptions->errorHandler(2, 'Undefined variable $allowedMenus', 'C:\\laragon\\www\\codeigniter_pharmacy_v_4.6.3\\app\\Views\\ViewDashboard.php', 5)
 2 SYSTEMPATH\View\View.php(226): include('C:\\laragon\\www\\codeigniter_pharmacy_v_4.6.3\\app\\Views\\ViewDashboard.php')
 3 SYSTEMPATH\View\View.php(229): CodeIgniter\View\View->CodeIgniter\View\{closure}()
 4 SYSTEMPATH\Common.php(1167): CodeIgniter\View\View->render('ViewDashboard', [], true)
 5 APPPATH\Controllers\Dashboard.php(37): view('ViewDashboard')
 6 SYSTEMPATH\CodeIgniter.php(933): App\Controllers\Dashboard->index()
 7 SYSTEMPATH\CodeIgniter.php(507): CodeIgniter\CodeIgniter->runController(Object(App\Controllers\Dashboard))
 8 SYSTEMPATH\CodeIgniter.php(354): CodeIgniter\CodeIgniter->handleRequest(null, Object(Config\Cache), false)
 9 SYSTEMPATH\Boot.php(363): CodeIgniter\CodeIgniter->run()
10 SYSTEMPATH\Boot.php(68): CodeIgniter\Boot::runCodeIgniter(Object(CodeIgniter\CodeIgniter))
11 FCPATH\index.php(59): CodeIgniter\Boot::bootWeb(Object(Config\Paths))
CRITICAL - 2025-08-20 17:06:32 --> ErrorException: Undefined variable $allowedMenus
[Method: GET, Route: /]
in APPPATH\Views\ViewDashboard.php on line 5.
 1 APPPATH\Views\ViewDashboard.php(5): CodeIgniter\Debug\Exceptions->errorHandler(2, 'Undefined variable $allowedMenus', 'C:\\laragon\\www\\codeigniter_pharmacy_v_4.6.3\\app\\Views\\ViewDashboard.php', 5)
 2 SYSTEMPATH\View\View.php(226): include('C:\\laragon\\www\\codeigniter_pharmacy_v_4.6.3\\app\\Views\\ViewDashboard.php')
 3 SYSTEMPATH\View\View.php(229): CodeIgniter\View\View->CodeIgniter\View\{closure}()
 4 SYSTEMPATH\Common.php(1167): CodeIgniter\View\View->render('ViewDashboard', [], true)
 5 APPPATH\Controllers\Dashboard.php(37): view('ViewDashboard')
 6 SYSTEMPATH\CodeIgniter.php(933): App\Controllers\Dashboard->index()
 7 SYSTEMPATH\CodeIgniter.php(507): CodeIgniter\CodeIgniter->runController(Object(App\Controllers\Dashboard))
 8 SYSTEMPATH\CodeIgniter.php(354): CodeIgniter\CodeIgniter->handleRequest(null, Object(Config\Cache), false)
 9 SYSTEMPATH\Boot.php(363): CodeIgniter\CodeIgniter->run()
10 SYSTEMPATH\Boot.php(68): CodeIgniter\Boot::runCodeIgniter(Object(CodeIgniter\CodeIgniter))
11 FCPATH\index.php(59): CodeIgniter\Boot::bootWeb(Object(Config\Paths))
CRITICAL - 2025-08-20 17:07:03 --> ErrorException: Undefined variable $allowedMenus
[Method: GET, Route: /]
in APPPATH\Views\ViewDashboard.php on line 5.
 1 APPPATH\Views\ViewDashboard.php(5): CodeIgniter\Debug\Exceptions->errorHandler(2, 'Undefined variable $allowedMenus', 'C:\\laragon\\www\\codeigniter_pharmacy_v_4.6.3\\app\\Views\\ViewDashboard.php', 5)
 2 SYSTEMPATH\View\View.php(226): include('C:\\laragon\\www\\codeigniter_pharmacy_v_4.6.3\\app\\Views\\ViewDashboard.php')
 3 SYSTEMPATH\View\View.php(229): CodeIgniter\View\View->CodeIgniter\View\{closure}()
 4 SYSTEMPATH\Common.php(1167): CodeIgniter\View\View->render('ViewDashboard', [], true)
 5 APPPATH\Controllers\Dashboard.php(37): view('ViewDashboard')
 6 SYSTEMPATH\CodeIgniter.php(933): App\Controllers\Dashboard->index()
 7 SYSTEMPATH\CodeIgniter.php(507): CodeIgniter\CodeIgniter->runController(Object(App\Controllers\Dashboard))
 8 SYSTEMPATH\CodeIgniter.php(354): CodeIgniter\CodeIgniter->handleRequest(null, Object(Config\Cache), false)
 9 SYSTEMPATH\Boot.php(363): CodeIgniter\CodeIgniter->run()
10 SYSTEMPATH\Boot.php(68): CodeIgniter\Boot::runCodeIgniter(Object(CodeIgniter\CodeIgniter))
11 FCPATH\index.php(59): CodeIgniter\Boot::bootWeb(Object(Config\Paths))
CRITICAL - 2025-08-20 17:07:04 --> ErrorException: Undefined variable $allowedMenus
[Method: GET, Route: /]
in APPPATH\Views\ViewDashboard.php on line 5.
 1 APPPATH\Views\ViewDashboard.php(5): CodeIgniter\Debug\Exceptions->errorHandler(2, 'Undefined variable $allowedMenus', 'C:\\laragon\\www\\codeigniter_pharmacy_v_4.6.3\\app\\Views\\ViewDashboard.php', 5)
 2 SYSTEMPATH\View\View.php(226): include('C:\\laragon\\www\\codeigniter_pharmacy_v_4.6.3\\app\\Views\\ViewDashboard.php')
 3 SYSTEMPATH\View\View.php(229): CodeIgniter\View\View->CodeIgniter\View\{closure}()
 4 SYSTEMPATH\Common.php(1167): CodeIgniter\View\View->render('ViewDashboard', [], true)
 5 APPPATH\Controllers\Dashboard.php(37): view('ViewDashboard')
 6 SYSTEMPATH\CodeIgniter.php(933): App\Controllers\Dashboard->index()
 7 SYSTEMPATH\CodeIgniter.php(507): CodeIgniter\CodeIgniter->runController(Object(App\Controllers\Dashboard))
 8 SYSTEMPATH\CodeIgniter.php(354): CodeIgniter\CodeIgniter->handleRequest(null, Object(Config\Cache), false)
 9 SYSTEMPATH\Boot.php(363): CodeIgniter\CodeIgniter->run()
10 SYSTEMPATH\Boot.php(68): CodeIgniter\Boot::runCodeIgniter(Object(CodeIgniter\CodeIgniter))
11 FCPATH\index.php(59): CodeIgniter\Boot::bootWeb(Object(Config\Paths))
CRITICAL - 2025-08-20 17:07:04 --> ErrorException: Undefined variable $allowedMenus
[Method: GET, Route: /]
in APPPATH\Views\ViewDashboard.php on line 5.
 1 APPPATH\Views\ViewDashboard.php(5): CodeIgniter\Debug\Exceptions->errorHandler(2, 'Undefined variable $allowedMenus', 'C:\\laragon\\www\\codeigniter_pharmacy_v_4.6.3\\app\\Views\\ViewDashboard.php', 5)
 2 SYSTEMPATH\View\View.php(226): include('C:\\laragon\\www\\codeigniter_pharmacy_v_4.6.3\\app\\Views\\ViewDashboard.php')
 3 SYSTEMPATH\View\View.php(229): CodeIgniter\View\View->CodeIgniter\View\{closure}()
 4 SYSTEMPATH\Common.php(1167): CodeIgniter\View\View->render('ViewDashboard', [], true)
 5 APPPATH\Controllers\Dashboard.php(37): view('ViewDashboard')
 6 SYSTEMPATH\CodeIgniter.php(933): App\Controllers\Dashboard->index()
 7 SYSTEMPATH\CodeIgniter.php(507): CodeIgniter\CodeIgniter->runController(Object(App\Controllers\Dashboard))
 8 SYSTEMPATH\CodeIgniter.php(354): CodeIgniter\CodeIgniter->handleRequest(null, Object(Config\Cache), false)
 9 SYSTEMPATH\Boot.php(363): CodeIgniter\CodeIgniter->run()
10 SYSTEMPATH\Boot.php(68): CodeIgniter\Boot::runCodeIgniter(Object(CodeIgniter\CodeIgniter))
11 FCPATH\index.php(59): CodeIgniter\Boot::bootWeb(Object(Config\Paths))
CRITICAL - 2025-08-20 17:07:04 --> ErrorException: Undefined variable $allowedMenus
[Method: GET, Route: /]
in APPPATH\Views\ViewDashboard.php on line 5.
 1 APPPATH\Views\ViewDashboard.php(5): CodeIgniter\Debug\Exceptions->errorHandler(2, 'Undefined variable $allowedMenus', 'C:\\laragon\\www\\codeigniter_pharmacy_v_4.6.3\\app\\Views\\ViewDashboard.php', 5)
 2 SYSTEMPATH\View\View.php(226): include('C:\\laragon\\www\\codeigniter_pharmacy_v_4.6.3\\app\\Views\\ViewDashboard.php')
 3 SYSTEMPATH\View\View.php(229): CodeIgniter\View\View->CodeIgniter\View\{closure}()
 4 SYSTEMPATH\Common.php(1167): CodeIgniter\View\View->render('ViewDashboard', [], true)
 5 APPPATH\Controllers\Dashboard.php(37): view('ViewDashboard')
 6 SYSTEMPATH\CodeIgniter.php(933): App\Controllers\Dashboard->index()
 7 SYSTEMPATH\CodeIgniter.php(507): CodeIgniter\CodeIgniter->runController(Object(App\Controllers\Dashboard))
 8 SYSTEMPATH\CodeIgniter.php(354): CodeIgniter\CodeIgniter->handleRequest(null, Object(Config\Cache), false)
 9 SYSTEMPATH\Boot.php(363): CodeIgniter\CodeIgniter->run()
10 SYSTEMPATH\Boot.php(68): CodeIgniter\Boot::runCodeIgniter(Object(CodeIgniter\CodeIgniter))
11 FCPATH\index.php(59): CodeIgniter\Boot::bootWeb(Object(Config\Paths))
CRITICAL - 2025-08-20 17:07:04 --> ErrorException: Undefined variable $allowedMenus
[Method: GET, Route: /]
in APPPATH\Views\ViewDashboard.php on line 5.
 1 APPPATH\Views\ViewDashboard.php(5): CodeIgniter\Debug\Exceptions->errorHandler(2, 'Undefined variable $allowedMenus', 'C:\\laragon\\www\\codeigniter_pharmacy_v_4.6.3\\app\\Views\\ViewDashboard.php', 5)
 2 SYSTEMPATH\View\View.php(226): include('C:\\laragon\\www\\codeigniter_pharmacy_v_4.6.3\\app\\Views\\ViewDashboard.php')
 3 SYSTEMPATH\View\View.php(229): CodeIgniter\View\View->CodeIgniter\View\{closure}()
 4 SYSTEMPATH\Common.php(1167): CodeIgniter\View\View->render('ViewDashboard', [], true)
 5 APPPATH\Controllers\Dashboard.php(37): view('ViewDashboard')
 6 SYSTEMPATH\CodeIgniter.php(933): App\Controllers\Dashboard->index()
 7 SYSTEMPATH\CodeIgniter.php(507): CodeIgniter\CodeIgniter->runController(Object(App\Controllers\Dashboard))
 8 SYSTEMPATH\CodeIgniter.php(354): CodeIgniter\CodeIgniter->handleRequest(null, Object(Config\Cache), false)
 9 SYSTEMPATH\Boot.php(363): CodeIgniter\CodeIgniter->run()
10 SYSTEMPATH\Boot.php(68): CodeIgniter\Boot::runCodeIgniter(Object(CodeIgniter\CodeIgniter))
11 FCPATH\index.php(59): CodeIgniter\Boot::bootWeb(Object(Config\Paths))
CRITICAL - 2025-08-20 17:07:05 --> ErrorException: Undefined variable $allowedMenus
[Method: GET, Route: /]
in APPPATH\Views\ViewDashboard.php on line 5.
 1 APPPATH\Views\ViewDashboard.php(5): CodeIgniter\Debug\Exceptions->errorHandler(2, 'Undefined variable $allowedMenus', 'C:\\laragon\\www\\codeigniter_pharmacy_v_4.6.3\\app\\Views\\ViewDashboard.php', 5)
 2 SYSTEMPATH\View\View.php(226): include('C:\\laragon\\www\\codeigniter_pharmacy_v_4.6.3\\app\\Views\\ViewDashboard.php')
 3 SYSTEMPATH\View\View.php(229): CodeIgniter\View\View->CodeIgniter\View\{closure}()
 4 SYSTEMPATH\Common.php(1167): CodeIgniter\View\View->render('ViewDashboard', [], true)
 5 APPPATH\Controllers\Dashboard.php(37): view('ViewDashboard')
 6 SYSTEMPATH\CodeIgniter.php(933): App\Controllers\Dashboard->index()
 7 SYSTEMPATH\CodeIgniter.php(507): CodeIgniter\CodeIgniter->runController(Object(App\Controllers\Dashboard))
 8 SYSTEMPATH\CodeIgniter.php(354): CodeIgniter\CodeIgniter->handleRequest(null, Object(Config\Cache), false)
 9 SYSTEMPATH\Boot.php(363): CodeIgniter\CodeIgniter->run()
10 SYSTEMPATH\Boot.php(68): CodeIgniter\Boot::runCodeIgniter(Object(CodeIgniter\CodeIgniter))
11 FCPATH\index.php(59): CodeIgniter\Boot::bootWeb(Object(Config\Paths))
CRITICAL - 2025-08-20 17:07:05 --> ErrorException: Undefined variable $allowedMenus
[Method: GET, Route: /]
in APPPATH\Views\ViewDashboard.php on line 5.
 1 APPPATH\Views\ViewDashboard.php(5): CodeIgniter\Debug\Exceptions->errorHandler(2, 'Undefined variable $allowedMenus', 'C:\\laragon\\www\\codeigniter_pharmacy_v_4.6.3\\app\\Views\\ViewDashboard.php', 5)
 2 SYSTEMPATH\View\View.php(226): include('C:\\laragon\\www\\codeigniter_pharmacy_v_4.6.3\\app\\Views\\ViewDashboard.php')
 3 SYSTEMPATH\View\View.php(229): CodeIgniter\View\View->CodeIgniter\View\{closure}()
 4 SYSTEMPATH\Common.php(1167): CodeIgniter\View\View->render('ViewDashboard', [], true)
 5 APPPATH\Controllers\Dashboard.php(37): view('ViewDashboard')
 6 SYSTEMPATH\CodeIgniter.php(933): App\Controllers\Dashboard->index()
 7 SYSTEMPATH\CodeIgniter.php(507): CodeIgniter\CodeIgniter->runController(Object(App\Controllers\Dashboard))
 8 SYSTEMPATH\CodeIgniter.php(354): CodeIgniter\CodeIgniter->handleRequest(null, Object(Config\Cache), false)
 9 SYSTEMPATH\Boot.php(363): CodeIgniter\CodeIgniter->run()
10 SYSTEMPATH\Boot.php(68): CodeIgniter\Boot::runCodeIgniter(Object(CodeIgniter\CodeIgniter))
11 FCPATH\index.php(59): CodeIgniter\Boot::bootWeb(Object(Config\Paths))
CRITICAL - 2025-08-20 17:07:05 --> ErrorException: Undefined variable $allowedMenus
[Method: GET, Route: /]
in APPPATH\Views\ViewDashboard.php on line 5.
 1 APPPATH\Views\ViewDashboard.php(5): CodeIgniter\Debug\Exceptions->errorHandler(2, 'Undefined variable $allowedMenus', 'C:\\laragon\\www\\codeigniter_pharmacy_v_4.6.3\\app\\Views\\ViewDashboard.php', 5)
 2 SYSTEMPATH\View\View.php(226): include('C:\\laragon\\www\\codeigniter_pharmacy_v_4.6.3\\app\\Views\\ViewDashboard.php')
 3 SYSTEMPATH\View\View.php(229): CodeIgniter\View\View->CodeIgniter\View\{closure}()
 4 SYSTEMPATH\Common.php(1167): CodeIgniter\View\View->render('ViewDashboard', [], true)
 5 APPPATH\Controllers\Dashboard.php(37): view('ViewDashboard')
 6 SYSTEMPATH\CodeIgniter.php(933): App\Controllers\Dashboard->index()
 7 SYSTEMPATH\CodeIgniter.php(507): CodeIgniter\CodeIgniter->runController(Object(App\Controllers\Dashboard))
 8 SYSTEMPATH\CodeIgniter.php(354): CodeIgniter\CodeIgniter->handleRequest(null, Object(Config\Cache), false)
 9 SYSTEMPATH\Boot.php(363): CodeIgniter\CodeIgniter->run()
10 SYSTEMPATH\Boot.php(68): CodeIgniter\Boot::runCodeIgniter(Object(CodeIgniter\CodeIgniter))
11 FCPATH\index.php(59): CodeIgniter\Boot::bootWeb(Object(Config\Paths))
CRITICAL - 2025-08-20 17:09:56 --> ErrorException: Undefined variable $allowedMenus
[Method: GET, Route: /]
in APPPATH\Views\ViewDashboard.php on line 5.
 1 APPPATH\Views\ViewDashboard.php(5): CodeIgniter\Debug\Exceptions->errorHandler(2, 'Undefined variable $allowedMenus', 'C:\\laragon\\www\\codeigniter_pharmacy_v_4.6.3\\app\\Views\\ViewDashboard.php', 5)
 2 SYSTEMPATH\View\View.php(226): include('C:\\laragon\\www\\codeigniter_pharmacy_v_4.6.3\\app\\Views\\ViewDashboard.php')
 3 SYSTEMPATH\View\View.php(229): CodeIgniter\View\View->CodeIgniter\View\{closure}()
 4 SYSTEMPATH\Common.php(1167): CodeIgniter\View\View->render('ViewDashboard', [], true)
 5 APPPATH\Controllers\Dashboard.php(37): view('ViewDashboard')
 6 SYSTEMPATH\CodeIgniter.php(933): App\Controllers\Dashboard->index()
 7 SYSTEMPATH\CodeIgniter.php(507): CodeIgniter\CodeIgniter->runController(Object(App\Controllers\Dashboard))
 8 SYSTEMPATH\CodeIgniter.php(354): CodeIgniter\CodeIgniter->handleRequest(null, Object(Config\Cache), false)
 9 SYSTEMPATH\Boot.php(363): CodeIgniter\CodeIgniter->run()
10 SYSTEMPATH\Boot.php(68): CodeIgniter\Boot::runCodeIgniter(Object(CodeIgniter\CodeIgniter))
11 FCPATH\index.php(59): CodeIgniter\Boot::bootWeb(Object(Config\Paths))
CRITICAL - 2025-08-20 17:09:57 --> ErrorException: Undefined variable $allowedMenus
[Method: GET, Route: /]
in APPPATH\Views\ViewDashboard.php on line 5.
 1 APPPATH\Views\ViewDashboard.php(5): CodeIgniter\Debug\Exceptions->errorHandler(2, 'Undefined variable $allowedMenus', 'C:\\laragon\\www\\codeigniter_pharmacy_v_4.6.3\\app\\Views\\ViewDashboard.php', 5)
 2 SYSTEMPATH\View\View.php(226): include('C:\\laragon\\www\\codeigniter_pharmacy_v_4.6.3\\app\\Views\\ViewDashboard.php')
 3 SYSTEMPATH\View\View.php(229): CodeIgniter\View\View->CodeIgniter\View\{closure}()
 4 SYSTEMPATH\Common.php(1167): CodeIgniter\View\View->render('ViewDashboard', [], true)
 5 APPPATH\Controllers\Dashboard.php(37): view('ViewDashboard')
 6 SYSTEMPATH\CodeIgniter.php(933): App\Controllers\Dashboard->index()
 7 SYSTEMPATH\CodeIgniter.php(507): CodeIgniter\CodeIgniter->runController(Object(App\Controllers\Dashboard))
 8 SYSTEMPATH\CodeIgniter.php(354): CodeIgniter\CodeIgniter->handleRequest(null, Object(Config\Cache), false)
 9 SYSTEMPATH\Boot.php(363): CodeIgniter\CodeIgniter->run()
10 SYSTEMPATH\Boot.php(68): CodeIgniter\Boot::runCodeIgniter(Object(CodeIgniter\CodeIgniter))
11 FCPATH\index.php(59): CodeIgniter\Boot::bootWeb(Object(Config\Paths))
CRITICAL - 2025-08-20 17:09:57 --> ErrorException: Undefined variable $allowedMenus
[Method: GET, Route: /]
in APPPATH\Views\ViewDashboard.php on line 5.
 1 APPPATH\Views\ViewDashboard.php(5): CodeIgniter\Debug\Exceptions->errorHandler(2, 'Undefined variable $allowedMenus', 'C:\\laragon\\www\\codeigniter_pharmacy_v_4.6.3\\app\\Views\\ViewDashboard.php', 5)
 2 SYSTEMPATH\View\View.php(226): include('C:\\laragon\\www\\codeigniter_pharmacy_v_4.6.3\\app\\Views\\ViewDashboard.php')
 3 SYSTEMPATH\View\View.php(229): CodeIgniter\View\View->CodeIgniter\View\{closure}()
 4 SYSTEMPATH\Common.php(1167): CodeIgniter\View\View->render('ViewDashboard', [], true)
 5 APPPATH\Controllers\Dashboard.php(37): view('ViewDashboard')
 6 SYSTEMPATH\CodeIgniter.php(933): App\Controllers\Dashboard->index()
 7 SYSTEMPATH\CodeIgniter.php(507): CodeIgniter\CodeIgniter->runController(Object(App\Controllers\Dashboard))
 8 SYSTEMPATH\CodeIgniter.php(354): CodeIgniter\CodeIgniter->handleRequest(null, Object(Config\Cache), false)
 9 SYSTEMPATH\Boot.php(363): CodeIgniter\CodeIgniter->run()
10 SYSTEMPATH\Boot.php(68): CodeIgniter\Boot::runCodeIgniter(Object(CodeIgniter\CodeIgniter))
11 FCPATH\index.php(59): CodeIgniter\Boot::bootWeb(Object(Config\Paths))
CRITICAL - 2025-08-20 17:09:57 --> ErrorException: Undefined variable $allowedMenus
[Method: GET, Route: /]
in APPPATH\Views\ViewDashboard.php on line 5.
 1 APPPATH\Views\ViewDashboard.php(5): CodeIgniter\Debug\Exceptions->errorHandler(2, 'Undefined variable $allowedMenus', 'C:\\laragon\\www\\codeigniter_pharmacy_v_4.6.3\\app\\Views\\ViewDashboard.php', 5)
 2 SYSTEMPATH\View\View.php(226): include('C:\\laragon\\www\\codeigniter_pharmacy_v_4.6.3\\app\\Views\\ViewDashboard.php')
 3 SYSTEMPATH\View\View.php(229): CodeIgniter\View\View->CodeIgniter\View\{closure}()
 4 SYSTEMPATH\Common.php(1167): CodeIgniter\View\View->render('ViewDashboard', [], true)
 5 APPPATH\Controllers\Dashboard.php(37): view('ViewDashboard')
 6 SYSTEMPATH\CodeIgniter.php(933): App\Controllers\Dashboard->index()
 7 SYSTEMPATH\CodeIgniter.php(507): CodeIgniter\CodeIgniter->runController(Object(App\Controllers\Dashboard))
 8 SYSTEMPATH\CodeIgniter.php(354): CodeIgniter\CodeIgniter->handleRequest(null, Object(Config\Cache), false)
 9 SYSTEMPATH\Boot.php(363): CodeIgniter\CodeIgniter->run()
10 SYSTEMPATH\Boot.php(68): CodeIgniter\Boot::runCodeIgniter(Object(CodeIgniter\CodeIgniter))
11 FCPATH\index.php(59): CodeIgniter\Boot::bootWeb(Object(Config\Paths))
CRITICAL - 2025-08-20 17:09:58 --> ErrorException: Undefined variable $allowedMenus
[Method: GET, Route: /]
in APPPATH\Views\ViewDashboard.php on line 5.
 1 APPPATH\Views\ViewDashboard.php(5): CodeIgniter\Debug\Exceptions->errorHandler(2, 'Undefined variable $allowedMenus', 'C:\\laragon\\www\\codeigniter_pharmacy_v_4.6.3\\app\\Views\\ViewDashboard.php', 5)
 2 SYSTEMPATH\View\View.php(226): include('C:\\laragon\\www\\codeigniter_pharmacy_v_4.6.3\\app\\Views\\ViewDashboard.php')
 3 SYSTEMPATH\View\View.php(229): CodeIgniter\View\View->CodeIgniter\View\{closure}()
 4 SYSTEMPATH\Common.php(1167): CodeIgniter\View\View->render('ViewDashboard', [], true)
 5 APPPATH\Controllers\Dashboard.php(37): view('ViewDashboard')
 6 SYSTEMPATH\CodeIgniter.php(933): App\Controllers\Dashboard->index()
 7 SYSTEMPATH\CodeIgniter.php(507): CodeIgniter\CodeIgniter->runController(Object(App\Controllers\Dashboard))
 8 SYSTEMPATH\CodeIgniter.php(354): CodeIgniter\CodeIgniter->handleRequest(null, Object(Config\Cache), false)
 9 SYSTEMPATH\Boot.php(363): CodeIgniter\CodeIgniter->run()
10 SYSTEMPATH\Boot.php(68): CodeIgniter\Boot::runCodeIgniter(Object(CodeIgniter\CodeIgniter))
11 FCPATH\index.php(59): CodeIgniter\Boot::bootWeb(Object(Config\Paths))
CRITICAL - 2025-08-20 17:10:27 --> ErrorException: Undefined variable $allowedMenus
[Method: GET, Route: /]
in APPPATH\Views\ViewDashboard.php on line 5.
 1 APPPATH\Views\ViewDashboard.php(5): CodeIgniter\Debug\Exceptions->errorHandler(2, 'Undefined variable $allowedMenus', 'C:\\laragon\\www\\codeigniter_pharmacy_v_4.6.3\\app\\Views\\ViewDashboard.php', 5)
 2 SYSTEMPATH\View\View.php(226): include('C:\\laragon\\www\\codeigniter_pharmacy_v_4.6.3\\app\\Views\\ViewDashboard.php')
 3 SYSTEMPATH\View\View.php(229): CodeIgniter\View\View->CodeIgniter\View\{closure}()
 4 SYSTEMPATH\Common.php(1167): CodeIgniter\View\View->render('ViewDashboard', [], true)
 5 APPPATH\Controllers\Dashboard.php(37): view('ViewDashboard')
 6 SYSTEMPATH\CodeIgniter.php(933): App\Controllers\Dashboard->index()
 7 SYSTEMPATH\CodeIgniter.php(507): CodeIgniter\CodeIgniter->runController(Object(App\Controllers\Dashboard))
 8 SYSTEMPATH\CodeIgniter.php(354): CodeIgniter\CodeIgniter->handleRequest(null, Object(Config\Cache), false)
 9 SYSTEMPATH\Boot.php(363): CodeIgniter\CodeIgniter->run()
10 SYSTEMPATH\Boot.php(68): CodeIgniter\Boot::runCodeIgniter(Object(CodeIgniter\CodeIgniter))
11 FCPATH\index.php(59): CodeIgniter\Boot::bootWeb(Object(Config\Paths))
CRITICAL - 2025-08-20 17:10:28 --> ErrorException: Undefined variable $allowedMenus
[Method: GET, Route: /]
in APPPATH\Views\ViewDashboard.php on line 5.
 1 APPPATH\Views\ViewDashboard.php(5): CodeIgniter\Debug\Exceptions->errorHandler(2, 'Undefined variable $allowedMenus', 'C:\\laragon\\www\\codeigniter_pharmacy_v_4.6.3\\app\\Views\\ViewDashboard.php', 5)
 2 SYSTEMPATH\View\View.php(226): include('C:\\laragon\\www\\codeigniter_pharmacy_v_4.6.3\\app\\Views\\ViewDashboard.php')
 3 SYSTEMPATH\View\View.php(229): CodeIgniter\View\View->CodeIgniter\View\{closure}()
 4 SYSTEMPATH\Common.php(1167): CodeIgniter\View\View->render('ViewDashboard', [], true)
 5 APPPATH\Controllers\Dashboard.php(37): view('ViewDashboard')
 6 SYSTEMPATH\CodeIgniter.php(933): App\Controllers\Dashboard->index()
 7 SYSTEMPATH\CodeIgniter.php(507): CodeIgniter\CodeIgniter->runController(Object(App\Controllers\Dashboard))
 8 SYSTEMPATH\CodeIgniter.php(354): CodeIgniter\CodeIgniter->handleRequest(null, Object(Config\Cache), false)
 9 SYSTEMPATH\Boot.php(363): CodeIgniter\CodeIgniter->run()
10 SYSTEMPATH\Boot.php(68): CodeIgniter\Boot::runCodeIgniter(Object(CodeIgniter\CodeIgniter))
11 FCPATH\index.php(59): CodeIgniter\Boot::bootWeb(Object(Config\Paths))
CRITICAL - 2025-08-20 17:10:28 --> ErrorException: Undefined variable $allowedMenus
[Method: GET, Route: /]
in APPPATH\Views\ViewDashboard.php on line 5.
 1 APPPATH\Views\ViewDashboard.php(5): CodeIgniter\Debug\Exceptions->errorHandler(2, 'Undefined variable $allowedMenus', 'C:\\laragon\\www\\codeigniter_pharmacy_v_4.6.3\\app\\Views\\ViewDashboard.php', 5)
 2 SYSTEMPATH\View\View.php(226): include('C:\\laragon\\www\\codeigniter_pharmacy_v_4.6.3\\app\\Views\\ViewDashboard.php')
 3 SYSTEMPATH\View\View.php(229): CodeIgniter\View\View->CodeIgniter\View\{closure}()
 4 SYSTEMPATH\Common.php(1167): CodeIgniter\View\View->render('ViewDashboard', [], true)
 5 APPPATH\Controllers\Dashboard.php(37): view('ViewDashboard')
 6 SYSTEMPATH\CodeIgniter.php(933): App\Controllers\Dashboard->index()
 7 SYSTEMPATH\CodeIgniter.php(507): CodeIgniter\CodeIgniter->runController(Object(App\Controllers\Dashboard))
 8 SYSTEMPATH\CodeIgniter.php(354): CodeIgniter\CodeIgniter->handleRequest(null, Object(Config\Cache), false)
 9 SYSTEMPATH\Boot.php(363): CodeIgniter\CodeIgniter->run()
10 SYSTEMPATH\Boot.php(68): CodeIgniter\Boot::runCodeIgniter(Object(CodeIgniter\CodeIgniter))
11 FCPATH\index.php(59): CodeIgniter\Boot::bootWeb(Object(Config\Paths))
CRITICAL - 2025-08-20 17:10:29 --> ErrorException: Undefined variable $allowedMenus
[Method: GET, Route: /]
in APPPATH\Views\ViewDashboard.php on line 5.
 1 APPPATH\Views\ViewDashboard.php(5): CodeIgniter\Debug\Exceptions->errorHandler(2, 'Undefined variable $allowedMenus', 'C:\\laragon\\www\\codeigniter_pharmacy_v_4.6.3\\app\\Views\\ViewDashboard.php', 5)
 2 SYSTEMPATH\View\View.php(226): include('C:\\laragon\\www\\codeigniter_pharmacy_v_4.6.3\\app\\Views\\ViewDashboard.php')
 3 SYSTEMPATH\View\View.php(229): CodeIgniter\View\View->CodeIgniter\View\{closure}()
 4 SYSTEMPATH\Common.php(1167): CodeIgniter\View\View->render('ViewDashboard', [], true)
 5 APPPATH\Controllers\Dashboard.php(37): view('ViewDashboard')
 6 SYSTEMPATH\CodeIgniter.php(933): App\Controllers\Dashboard->index()
 7 SYSTEMPATH\CodeIgniter.php(507): CodeIgniter\CodeIgniter->runController(Object(App\Controllers\Dashboard))
 8 SYSTEMPATH\CodeIgniter.php(354): CodeIgniter\CodeIgniter->handleRequest(null, Object(Config\Cache), false)
 9 SYSTEMPATH\Boot.php(363): CodeIgniter\CodeIgniter->run()
10 SYSTEMPATH\Boot.php(68): CodeIgniter\Boot::runCodeIgniter(Object(CodeIgniter\CodeIgniter))
11 FCPATH\index.php(59): CodeIgniter\Boot::bootWeb(Object(Config\Paths))
CRITICAL - 2025-08-20 17:11:34 --> ErrorException: Undefined variable $allowedMenus
[Method: GET, Route: /]
in APPPATH\Views\ViewDashboard.php on line 5.
 1 APPPATH\Views\ViewDashboard.php(5): CodeIgniter\Debug\Exceptions->errorHandler(2, 'Undefined variable $allowedMenus', 'C:\\laragon\\www\\codeigniter_pharmacy_v_4.6.3\\app\\Views\\ViewDashboard.php', 5)
 2 SYSTEMPATH\View\View.php(226): include('C:\\laragon\\www\\codeigniter_pharmacy_v_4.6.3\\app\\Views\\ViewDashboard.php')
 3 SYSTEMPATH\View\View.php(229): CodeIgniter\View\View->CodeIgniter\View\{closure}()
 4 SYSTEMPATH\Common.php(1167): CodeIgniter\View\View->render('ViewDashboard', [], true)
 5 APPPATH\Controllers\Dashboard.php(37): view('ViewDashboard')
 6 SYSTEMPATH\CodeIgniter.php(933): App\Controllers\Dashboard->index()
 7 SYSTEMPATH\CodeIgniter.php(507): CodeIgniter\CodeIgniter->runController(Object(App\Controllers\Dashboard))
 8 SYSTEMPATH\CodeIgniter.php(354): CodeIgniter\CodeIgniter->handleRequest(null, Object(Config\Cache), false)
 9 SYSTEMPATH\Boot.php(363): CodeIgniter\CodeIgniter->run()
10 SYSTEMPATH\Boot.php(68): CodeIgniter\Boot::runCodeIgniter(Object(CodeIgniter\CodeIgniter))
11 FCPATH\index.php(59): CodeIgniter\Boot::bootWeb(Object(Config\Paths))
CRITICAL - 2025-08-20 17:11:35 --> ErrorException: Undefined variable $allowedMenus
[Method: GET, Route: /]
in APPPATH\Views\ViewDashboard.php on line 5.
 1 APPPATH\Views\ViewDashboard.php(5): CodeIgniter\Debug\Exceptions->errorHandler(2, 'Undefined variable $allowedMenus', 'C:\\laragon\\www\\codeigniter_pharmacy_v_4.6.3\\app\\Views\\ViewDashboard.php', 5)
 2 SYSTEMPATH\View\View.php(226): include('C:\\laragon\\www\\codeigniter_pharmacy_v_4.6.3\\app\\Views\\ViewDashboard.php')
 3 SYSTEMPATH\View\View.php(229): CodeIgniter\View\View->CodeIgniter\View\{closure}()
 4 SYSTEMPATH\Common.php(1167): CodeIgniter\View\View->render('ViewDashboard', [], true)
 5 APPPATH\Controllers\Dashboard.php(37): view('ViewDashboard')
 6 SYSTEMPATH\CodeIgniter.php(933): App\Controllers\Dashboard->index()
 7 SYSTEMPATH\CodeIgniter.php(507): CodeIgniter\CodeIgniter->runController(Object(App\Controllers\Dashboard))
 8 SYSTEMPATH\CodeIgniter.php(354): CodeIgniter\CodeIgniter->handleRequest(null, Object(Config\Cache), false)
 9 SYSTEMPATH\Boot.php(363): CodeIgniter\CodeIgniter->run()
10 SYSTEMPATH\Boot.php(68): CodeIgniter\Boot::runCodeIgniter(Object(CodeIgniter\CodeIgniter))
11 FCPATH\index.php(59): CodeIgniter\Boot::bootWeb(Object(Config\Paths))
CRITICAL - 2025-08-20 17:11:35 --> ErrorException: Undefined variable $allowedMenus
[Method: GET, Route: /]
in APPPATH\Views\ViewDashboard.php on line 5.
 1 APPPATH\Views\ViewDashboard.php(5): CodeIgniter\Debug\Exceptions->errorHandler(2, 'Undefined variable $allowedMenus', 'C:\\laragon\\www\\codeigniter_pharmacy_v_4.6.3\\app\\Views\\ViewDashboard.php', 5)
 2 SYSTEMPATH\View\View.php(226): include('C:\\laragon\\www\\codeigniter_pharmacy_v_4.6.3\\app\\Views\\ViewDashboard.php')
 3 SYSTEMPATH\View\View.php(229): CodeIgniter\View\View->CodeIgniter\View\{closure}()
 4 SYSTEMPATH\Common.php(1167): CodeIgniter\View\View->render('ViewDashboard', [], true)
 5 APPPATH\Controllers\Dashboard.php(37): view('ViewDashboard')
 6 SYSTEMPATH\CodeIgniter.php(933): App\Controllers\Dashboard->index()
 7 SYSTEMPATH\CodeIgniter.php(507): CodeIgniter\CodeIgniter->runController(Object(App\Controllers\Dashboard))
 8 SYSTEMPATH\CodeIgniter.php(354): CodeIgniter\CodeIgniter->handleRequest(null, Object(Config\Cache), false)
 9 SYSTEMPATH\Boot.php(363): CodeIgniter\CodeIgniter->run()
10 SYSTEMPATH\Boot.php(68): CodeIgniter\Boot::runCodeIgniter(Object(CodeIgniter\CodeIgniter))
11 FCPATH\index.php(59): CodeIgniter\Boot::bootWeb(Object(Config\Paths))
CRITICAL - 2025-08-20 17:11:35 --> ErrorException: Undefined variable $allowedMenus
[Method: GET, Route: /]
in APPPATH\Views\ViewDashboard.php on line 5.
 1 APPPATH\Views\ViewDashboard.php(5): CodeIgniter\Debug\Exceptions->errorHandler(2, 'Undefined variable $allowedMenus', 'C:\\laragon\\www\\codeigniter_pharmacy_v_4.6.3\\app\\Views\\ViewDashboard.php', 5)
 2 SYSTEMPATH\View\View.php(226): include('C:\\laragon\\www\\codeigniter_pharmacy_v_4.6.3\\app\\Views\\ViewDashboard.php')
 3 SYSTEMPATH\View\View.php(229): CodeIgniter\View\View->CodeIgniter\View\{closure}()
 4 SYSTEMPATH\Common.php(1167): CodeIgniter\View\View->render('ViewDashboard', [], true)
 5 APPPATH\Controllers\Dashboard.php(37): view('ViewDashboard')
 6 SYSTEMPATH\CodeIgniter.php(933): App\Controllers\Dashboard->index()
 7 SYSTEMPATH\CodeIgniter.php(507): CodeIgniter\CodeIgniter->runController(Object(App\Controllers\Dashboard))
 8 SYSTEMPATH\CodeIgniter.php(354): CodeIgniter\CodeIgniter->handleRequest(null, Object(Config\Cache), false)
 9 SYSTEMPATH\Boot.php(363): CodeIgniter\CodeIgniter->run()
10 SYSTEMPATH\Boot.php(68): CodeIgniter\Boot::runCodeIgniter(Object(CodeIgniter\CodeIgniter))
11 FCPATH\index.php(59): CodeIgniter\Boot::bootWeb(Object(Config\Paths))
CRITICAL - 2025-08-20 17:11:35 --> ErrorException: Undefined variable $allowedMenus
[Method: GET, Route: /]
in APPPATH\Views\ViewDashboard.php on line 5.
 1 APPPATH\Views\ViewDashboard.php(5): CodeIgniter\Debug\Exceptions->errorHandler(2, 'Undefined variable $allowedMenus', 'C:\\laragon\\www\\codeigniter_pharmacy_v_4.6.3\\app\\Views\\ViewDashboard.php', 5)
 2 SYSTEMPATH\View\View.php(226): include('C:\\laragon\\www\\codeigniter_pharmacy_v_4.6.3\\app\\Views\\ViewDashboard.php')
 3 SYSTEMPATH\View\View.php(229): CodeIgniter\View\View->CodeIgniter\View\{closure}()
 4 SYSTEMPATH\Common.php(1167): CodeIgniter\View\View->render('ViewDashboard', [], true)
 5 APPPATH\Controllers\Dashboard.php(37): view('ViewDashboard')
 6 SYSTEMPATH\CodeIgniter.php(933): App\Controllers\Dashboard->index()
 7 SYSTEMPATH\CodeIgniter.php(507): CodeIgniter\CodeIgniter->runController(Object(App\Controllers\Dashboard))
 8 SYSTEMPATH\CodeIgniter.php(354): CodeIgniter\CodeIgniter->handleRequest(null, Object(Config\Cache), false)
 9 SYSTEMPATH\Boot.php(363): CodeIgniter\CodeIgniter->run()
10 SYSTEMPATH\Boot.php(68): CodeIgniter\Boot::runCodeIgniter(Object(CodeIgniter\CodeIgniter))
11 FCPATH\index.php(59): CodeIgniter\Boot::bootWeb(Object(Config\Paths))
CRITICAL - 2025-08-20 17:12:19 --> ErrorException: Undefined variable $allowedMenus
[Method: GET, Route: /]
in APPPATH\Views\ViewDashboard.php on line 5.
 1 APPPATH\Views\ViewDashboard.php(5): CodeIgniter\Debug\Exceptions->errorHandler(2, 'Undefined variable $allowedMenus', 'C:\\laragon\\www\\codeigniter_pharmacy_v_4.6.3\\app\\Views\\ViewDashboard.php', 5)
 2 SYSTEMPATH\View\View.php(226): include('C:\\laragon\\www\\codeigniter_pharmacy_v_4.6.3\\app\\Views\\ViewDashboard.php')
 3 SYSTEMPATH\View\View.php(229): CodeIgniter\View\View->CodeIgniter\View\{closure}()
 4 SYSTEMPATH\Common.php(1167): CodeIgniter\View\View->render('ViewDashboard', [], true)
 5 APPPATH\Controllers\Dashboard.php(37): view('ViewDashboard')
 6 SYSTEMPATH\CodeIgniter.php(933): App\Controllers\Dashboard->index()
 7 SYSTEMPATH\CodeIgniter.php(507): CodeIgniter\CodeIgniter->runController(Object(App\Controllers\Dashboard))
 8 SYSTEMPATH\CodeIgniter.php(354): CodeIgniter\CodeIgniter->handleRequest(null, Object(Config\Cache), false)
 9 SYSTEMPATH\Boot.php(363): CodeIgniter\CodeIgniter->run()
10 SYSTEMPATH\Boot.php(68): CodeIgniter\Boot::runCodeIgniter(Object(CodeIgniter\CodeIgniter))
11 FCPATH\index.php(59): CodeIgniter\Boot::bootWeb(Object(Config\Paths))
CRITICAL - 2025-08-20 17:15:52 --> ErrorException: Undefined variable $allowedMenus
[Method: GET, Route: /]
in APPPATH\Views\ViewDashboard.php on line 5.
 1 APPPATH\Views\ViewDashboard.php(5): CodeIgniter\Debug\Exceptions->errorHandler(2, 'Undefined variable $allowedMenus', 'C:\\laragon\\www\\codeigniter_pharmacy_v_4.6.3\\app\\Views\\ViewDashboard.php', 5)
 2 SYSTEMPATH\View\View.php(226): include('C:\\laragon\\www\\codeigniter_pharmacy_v_4.6.3\\app\\Views\\ViewDashboard.php')
 3 SYSTEMPATH\View\View.php(229): CodeIgniter\View\View->CodeIgniter\View\{closure}()
 4 SYSTEMPATH\Common.php(1167): CodeIgniter\View\View->render('ViewDashboard', [], true)
 5 APPPATH\Controllers\Dashboard.php(37): view('ViewDashboard')
 6 SYSTEMPATH\CodeIgniter.php(933): App\Controllers\Dashboard->index()
 7 SYSTEMPATH\CodeIgniter.php(507): CodeIgniter\CodeIgniter->runController(Object(App\Controllers\Dashboard))
 8 SYSTEMPATH\CodeIgniter.php(354): CodeIgniter\CodeIgniter->handleRequest(null, Object(Config\Cache), false)
 9 SYSTEMPATH\Boot.php(363): CodeIgniter\CodeIgniter->run()
10 SYSTEMPATH\Boot.php(68): CodeIgniter\Boot::runCodeIgniter(Object(CodeIgniter\CodeIgniter))
11 FCPATH\index.php(59): CodeIgniter\Boot::bootWeb(Object(Config\Paths))
CRITICAL - 2025-08-20 17:15:53 --> ErrorException: Undefined variable $allowedMenus
[Method: GET, Route: /]
in APPPATH\Views\ViewDashboard.php on line 5.
 1 APPPATH\Views\ViewDashboard.php(5): CodeIgniter\Debug\Exceptions->errorHandler(2, 'Undefined variable $allowedMenus', 'C:\\laragon\\www\\codeigniter_pharmacy_v_4.6.3\\app\\Views\\ViewDashboard.php', 5)
 2 SYSTEMPATH\View\View.php(226): include('C:\\laragon\\www\\codeigniter_pharmacy_v_4.6.3\\app\\Views\\ViewDashboard.php')
 3 SYSTEMPATH\View\View.php(229): CodeIgniter\View\View->CodeIgniter\View\{closure}()
 4 SYSTEMPATH\Common.php(1167): CodeIgniter\View\View->render('ViewDashboard', [], true)
 5 APPPATH\Controllers\Dashboard.php(37): view('ViewDashboard')
 6 SYSTEMPATH\CodeIgniter.php(933): App\Controllers\Dashboard->index()
 7 SYSTEMPATH\CodeIgniter.php(507): CodeIgniter\CodeIgniter->runController(Object(App\Controllers\Dashboard))
 8 SYSTEMPATH\CodeIgniter.php(354): CodeIgniter\CodeIgniter->handleRequest(null, Object(Config\Cache), false)
 9 SYSTEMPATH\Boot.php(363): CodeIgniter\CodeIgniter->run()
10 SYSTEMPATH\Boot.php(68): CodeIgniter\Boot::runCodeIgniter(Object(CodeIgniter\CodeIgniter))
11 FCPATH\index.php(59): CodeIgniter\Boot::bootWeb(Object(Config\Paths))
CRITICAL - 2025-08-20 17:15:54 --> ErrorException: Undefined variable $allowedMenus
[Method: GET, Route: /]
in APPPATH\Views\ViewDashboard.php on line 5.
 1 APPPATH\Views\ViewDashboard.php(5): CodeIgniter\Debug\Exceptions->errorHandler(2, 'Undefined variable $allowedMenus', 'C:\\laragon\\www\\codeigniter_pharmacy_v_4.6.3\\app\\Views\\ViewDashboard.php', 5)
 2 SYSTEMPATH\View\View.php(226): include('C:\\laragon\\www\\codeigniter_pharmacy_v_4.6.3\\app\\Views\\ViewDashboard.php')
 3 SYSTEMPATH\View\View.php(229): CodeIgniter\View\View->CodeIgniter\View\{closure}()
 4 SYSTEMPATH\Common.php(1167): CodeIgniter\View\View->render('ViewDashboard', [], true)
 5 APPPATH\Controllers\Dashboard.php(37): view('ViewDashboard')
 6 SYSTEMPATH\CodeIgniter.php(933): App\Controllers\Dashboard->index()
 7 SYSTEMPATH\CodeIgniter.php(507): CodeIgniter\CodeIgniter->runController(Object(App\Controllers\Dashboard))
 8 SYSTEMPATH\CodeIgniter.php(354): CodeIgniter\CodeIgniter->handleRequest(null, Object(Config\Cache), false)
 9 SYSTEMPATH\Boot.php(363): CodeIgniter\CodeIgniter->run()
10 SYSTEMPATH\Boot.php(68): CodeIgniter\Boot::runCodeIgniter(Object(CodeIgniter\CodeIgniter))
11 FCPATH\index.php(59): CodeIgniter\Boot::bootWeb(Object(Config\Paths))
CRITICAL - 2025-08-20 17:15:55 --> ErrorException: Undefined variable $allowedMenus
[Method: GET, Route: /]
in APPPATH\Views\ViewDashboard.php on line 5.
 1 APPPATH\Views\ViewDashboard.php(5): CodeIgniter\Debug\Exceptions->errorHandler(2, 'Undefined variable $allowedMenus', 'C:\\laragon\\www\\codeigniter_pharmacy_v_4.6.3\\app\\Views\\ViewDashboard.php', 5)
 2 SYSTEMPATH\View\View.php(226): include('C:\\laragon\\www\\codeigniter_pharmacy_v_4.6.3\\app\\Views\\ViewDashboard.php')
 3 SYSTEMPATH\View\View.php(229): CodeIgniter\View\View->CodeIgniter\View\{closure}()
 4 SYSTEMPATH\Common.php(1167): CodeIgniter\View\View->render('ViewDashboard', [], true)
 5 APPPATH\Controllers\Dashboard.php(37): view('ViewDashboard')
 6 SYSTEMPATH\CodeIgniter.php(933): App\Controllers\Dashboard->index()
 7 SYSTEMPATH\CodeIgniter.php(507): CodeIgniter\CodeIgniter->runController(Object(App\Controllers\Dashboard))
 8 SYSTEMPATH\CodeIgniter.php(354): CodeIgniter\CodeIgniter->handleRequest(null, Object(Config\Cache), false)
 9 SYSTEMPATH\Boot.php(363): CodeIgniter\CodeIgniter->run()
10 SYSTEMPATH\Boot.php(68): CodeIgniter\Boot::runCodeIgniter(Object(CodeIgniter\CodeIgniter))
11 FCPATH\index.php(59): CodeIgniter\Boot::bootWeb(Object(Config\Paths))
